Starting a Gradle Daemon, 2 busy and 7 incompatible and 1 stopped Daemons could not be reused, use --status for details

> Task :zheng-upms:zheng-upms-server:dependencies

------------------------------------------------------------
Project :zheng-upms:zheng-upms-server
------------------------------------------------------------

annotationProcessor - Annotation processors and their dependencies for source set 'main'.
\--- org.projectlombok:lombok:1.18.12

apiElements - API elements for main. (n)
No dependencies

archives - Configuration for archive artifacts. (n)
No dependencies

compileClasspath - Compile classpath for source set 'main'.
+--- org.projectlombok:lombok:1.18.12
+--- project :zheng-upms:zheng-upms-client
|    +--- project :zheng-common
|    \--- project :zheng-upms:zheng-upms-rpc-api
|         \--- project :zheng-upms:zheng-upms-dao
|              \--- project :zheng-upms:zheng-upms-common
|                   \--- project :zheng-common
+--- project :zheng-upms:zheng-upms-rpc-api (*)
+--- org.springframework.boot:spring-boot-dependencies:1.5.17.RELEASE
|    +--- com.fasterxml.jackson.core:jackson-annotations:2.8.0 -> 2.9.7 (c)
|    +--- com.fasterxml.jackson.core:jackson-core:2.8.11 -> 2.9.7 (c)
|    +--- com.fasterxml.jackson.core:jackson-databind:2.8.11.2 -> 2.9.7 (c)
|    +--- org.springframework.boot:spring-boot-starter:1.5.17.RELEASE (c)
|    +--- org.springframework.boot:spring-boot-starter-thymeleaf:1.5.17.RELEASE (c)
|    +--- org.springframework.boot:spring-boot-starter-web:1.5.17.RELEASE (c)
|    +--- commons-beanutils:commons-beanutils:1.9.3 (c)
|    +--- commons-codec:commons-codec:1.10 (c)
|    +--- mysql:mysql-connector-java:5.1.47 (c)
|    +--- org.apache.httpcomponents:httpclient:4.5.6 (c)
|    +--- org.aspectj:aspectjweaver:1.8.13 (c)
|    +--- org.projectlombok:lombok:1.16.22 -> 1.18.12 (c)
|    +--- org.springframework.session:spring-session-data-redis:1.3.3.RELEASE (c)
|    +--- org.springframework:spring-context:4.3.20.RELEASE (c)
|    +--- org.springframework:spring-beans:4.3.20.RELEASE (c)
|    +--- org.springframework:spring-web:4.3.20.RELEASE (c)
|    +--- org.javassist:javassist:3.21.0-GA (c)
|    +--- com.fasterxml:classmate:1.3.4 (c)
|    +--- org.slf4j:slf4j-api:1.7.25 (c)
|    +--- org.springframework.plugin:spring-plugin-core:1.2.0.RELEASE (c)
|    +--- org.springframework.plugin:spring-plugin-metadata:1.2.0.RELEASE (c)
|    +--- commons-collections:commons-collections:3.2.2 (c)
|    +--- org.slf4j:slf4j-log4j12:1.7.25 (c)
|    +--- org.springframework.boot:spring-boot:1.5.17.RELEASE (c)
|    +--- org.springframework.boot:spring-boot-autoconfigure:1.5.17.RELEASE (c)
|    +--- org.springframework.boot:spring-boot-starter-logging:1.5.17.RELEASE (c)
|    +--- org.springframework:spring-core:4.3.20.RELEASE (c)
|    +--- org.thymeleaf:thymeleaf-spring4:2.1.6.RELEASE (c)
|    +--- nz.net.ultraq.thymeleaf:thymeleaf-layout-dialect:1.4.0 (c)
|    +--- org.springframework.boot:spring-boot-starter-tomcat:1.5.17.RELEASE (c)
|    +--- org.hibernate:hibernate-validator:5.3.6.Final (c)
|    +--- org.springframework:spring-webmvc:4.3.20.RELEASE (c)
|    +--- org.apache.httpcomponents:httpcore:4.4.10 (c)
|    +--- org.apache.commons:commons-pool2:2.4.3 (c)
|    +--- org.springframework.data:spring-data-redis:1.8.16.RELEASE (c)
|    +--- org.springframework.session:spring-session:1.3.3.RELEASE (c)
|    +--- redis.clients:jedis:2.9.0 (c)
|    +--- org.springframework:spring-aop:4.3.20.RELEASE (c)
|    +--- org.springframework:spring-expression:4.3.20.RELEASE (c)
|    +--- org.slf4j:jcl-over-slf4j:1.7.25 (c)
|    +--- org.slf4j:jul-to-slf4j:1.7.25 (c)
|    +--- org.thymeleaf:thymeleaf:2.1.6.RELEASE (c)
|    +--- org.codehaus.groovy:groovy:2.4.15 (c)
|    +--- org.apache.tomcat.embed:tomcat-embed-core:8.5.34 (c)
|    +--- org.apache.tomcat.embed:tomcat-embed-el:8.5.34 (c)
|    +--- org.apache.tomcat.embed:tomcat-embed-websocket:8.5.34 (c)
|    +--- javax.validation:validation-api:1.1.0.Final (c)
|    +--- org.jboss.logging:jboss-logging:3.3.2.Final (c)
|    +--- org.springframework.data:spring-data-keyvalue:1.2.16.RELEASE (c)
|    +--- org.springframework:spring-tx:4.3.20.RELEASE (c)
|    +--- org.springframework:spring-oxm:4.3.20.RELEASE (c)
|    +--- org.springframework:spring-context-support:4.3.20.RELEASE (c)
|    +--- junit:junit:4.12 (c)
|    +--- org.apache.tomcat:tomcat-annotations-api:8.5.34 (c)
|    +--- org.springframework.data:spring-data-commons:1.13.16.RELEASE (c)
|    \--- org.hamcrest:hamcrest-core:1.3 (c)
+--- org.springframework.boot:spring-boot-starter -> 1.5.17.RELEASE
|    +--- org.springframework.boot:spring-boot:1.5.17.RELEASE
|    |    +--- org.springframework:spring-core:4.3.20.RELEASE
|    |    \--- org.springframework:spring-context:4.3.20.RELEASE
|    |         +--- org.springframework:spring-aop:4.3.20.RELEASE
|    |         |    +--- org.springframework:spring-beans:4.3.20.RELEASE
|    |         |    |    \--- org.springframework:spring-core:4.3.20.RELEASE
|    |         |    \--- org.springframework:spring-core:4.3.20.RELEASE
|    |         +--- org.springframework:spring-beans:4.3.20.RELEASE (*)
|    |         +--- org.springframework:spring-core:4.3.20.RELEASE
|    |         \--- org.springframework:spring-expression:4.3.20.RELEASE
|    |              \--- org.springframework:spring-core:4.3.20.RELEASE
|    +--- org.springframework.boot:spring-boot-autoconfigure:1.5.17.RELEASE
|    |    \--- org.springframework.boot:spring-boot:1.5.17.RELEASE (*)
|    +--- org.springframework.boot:spring-boot-starter-logging:1.5.17.RELEASE
|    |    +--- org.slf4j:jcl-over-slf4j:1.7.25
|    |    |    \--- org.slf4j:slf4j-api:1.7.25
|    |    \--- org.slf4j:jul-to-slf4j:1.7.25
|    |         \--- org.slf4j:slf4j-api:1.7.25
|    \--- org.springframework:spring-core:4.3.20.RELEASE
+--- com.alibaba:dubbo:2.5.6
|    +--- org.springframework:spring-context:4.3.10.RELEASE -> 4.3.20.RELEASE (*)
|    +--- org.springframework:spring-beans:4.3.10.RELEASE -> 4.3.20.RELEASE (*)
|    +--- org.springframework:spring-web:4.3.10.RELEASE -> 4.3.20.RELEASE
|    |    +--- org.springframework:spring-aop:4.3.20.RELEASE (*)
|    |    +--- org.springframework:spring-beans:4.3.20.RELEASE (*)
|    |    +--- org.springframework:spring-context:4.3.20.RELEASE (*)
|    |    \--- org.springframework:spring-core:4.3.20.RELEASE
|    +--- org.javassist:javassist:3.20.0-GA -> 3.21.0-GA
|    \--- org.jboss.netty:netty:3.2.5.Final
+--- com.github.sgroschupf:zkclient:0.1
|    +--- org.apache.zookeeper:zookeeper:3.3.3
|    |    +--- log4j:log4j:1.2.15 -> 1.2.17
|    |    \--- jline:jline:0.9.94
|    |         \--- junit:junit:3.8.1 -> 4.12
|    |              \--- org.hamcrest:hamcrest-core:1.3
|    \--- log4j:log4j:1.2.14 -> 1.2.17
+--- mysql:mysql-connector-java:5.1.34 -> 5.1.47
+--- io.springfox:springfox-swagger2:2.4.0
|    +--- io.swagger:swagger-annotations:1.5.6
|    +--- io.swagger:swagger-models:1.5.6
|    |    +--- com.fasterxml.jackson.core:jackson-annotations:2.4.5 -> 2.9.7
|    |    +--- org.slf4j:slf4j-api:1.6.3 -> 1.7.25
|    |    \--- io.swagger:swagger-annotations:1.5.6
|    +--- io.springfox:springfox-spi:2.4.0
|    |    \--- io.springfox:springfox-core:2.4.0
|    |         +--- com.google.guava:guava:18.0
|    |         +--- com.fasterxml:classmate:1.3.1 -> 1.3.4
|    |         +--- org.slf4j:slf4j-api:1.7.13 -> 1.7.25
|    |         +--- org.springframework.plugin:spring-plugin-core:1.2.0.RELEASE
|    |         |    +--- org.springframework:spring-beans:4.0.9.RELEASE -> 4.3.20.RELEASE (*)
|    |         |    +--- org.springframework:spring-context:4.0.9.RELEASE -> 4.3.20.RELEASE (*)
|    |         |    +--- org.springframework:spring-aop:4.0.9.RELEASE -> 4.3.20.RELEASE (*)
|    |         |    \--- org.slf4j:slf4j-api:1.7.10 -> 1.7.25
|    |         \--- org.springframework.plugin:spring-plugin-metadata:1.2.0.RELEASE
|    |              +--- org.springframework.plugin:spring-plugin-core:1.2.0.RELEASE (*)
|    |              \--- org.slf4j:slf4j-api:1.7.10 -> 1.7.25
|    +--- io.springfox:springfox-schema:2.4.0
|    |    +--- io.springfox:springfox-core:2.4.0 (*)
|    |    \--- io.springfox:springfox-spi:2.4.0 (*)
|    +--- io.springfox:springfox-swagger-common:2.4.0
|    |    +--- io.swagger:swagger-annotations:1.5.6
|    |    +--- io.swagger:swagger-models:1.5.6 (*)
|    |    +--- io.springfox:springfox-spi:2.4.0 (*)
|    |    +--- io.springfox:springfox-schema:2.4.0 (*)
|    |    +--- io.springfox:springfox-spring-web:2.4.0
|    |    |    +--- com.google.guava:guava:18.0
|    |    |    +--- com.fasterxml:classmate:1.3.1 -> 1.3.4
|    |    |    +--- org.slf4j:slf4j-api:1.7.13 -> 1.7.25
|    |    |    +--- org.springframework.plugin:spring-plugin-core:1.2.0.RELEASE (*)
|    |    |    +--- org.springframework.plugin:spring-plugin-metadata:1.2.0.RELEASE (*)
|    |    |    +--- io.springfox:springfox-spi:2.4.0 (*)
|    |    |    \--- io.springfox:springfox-schema:2.4.0 (*)
|    |    +--- com.google.guava:guava:18.0
|    |    +--- com.fasterxml:classmate:1.3.1 -> 1.3.4
|    |    +--- org.slf4j:slf4j-api:1.7.13 -> 1.7.25
|    |    +--- org.springframework.plugin:spring-plugin-core:1.2.0.RELEASE (*)
|    |    \--- org.springframework.plugin:spring-plugin-metadata:1.2.0.RELEASE (*)
|    +--- io.springfox:springfox-spring-web:2.4.0 (*)
|    +--- com.google.guava:guava:18.0
|    +--- com.fasterxml:classmate:1.3.1 -> 1.3.4
|    +--- org.slf4j:slf4j-api:1.7.13 -> 1.7.25
|    +--- org.springframework.plugin:spring-plugin-core:1.2.0.RELEASE (*)
|    \--- org.springframework.plugin:spring-plugin-metadata:1.2.0.RELEASE (*)
+--- io.springfox:springfox-swagger-ui:2.4.0
|    \--- io.springfox:springfox-spring-web:2.4.0 (*)
+--- commons-fileupload:commons-fileupload:1.3.1
|    \--- commons-io:commons-io:2.2
+--- commons-beanutils:commons-beanutils:1.9.3
|    \--- commons-collections:commons-collections:3.2.2
+--- commons-lang:commons-lang:2.6
+--- commons-codec:commons-codec:1.10
+--- org.apache.commons:commons-compress:1.18
+--- org.apache.httpcomponents:httpclient:4.5.2 -> 4.5.6
|    +--- org.apache.httpcomponents:httpcore:4.4.10
|    \--- commons-codec:commons-codec:1.10
+--- org.apache.velocity:velocity:1.7
|    +--- commons-collections:commons-collections:3.2.1 -> 3.2.2
|    \--- commons-lang:commons-lang:2.4 -> 2.6
+--- org.aspectj:aspectjweaver:1.8.8 -> 1.8.13
+--- com.alibaba:fastjson:1.2.28
+--- com.fasterxml.jackson.core:jackson-core:2.9.7
+--- com.fasterxml.jackson.core:jackson-databind:2.9.7
|    +--- com.fasterxml.jackson.core:jackson-annotations:2.9.0 -> 2.9.7
|    \--- com.fasterxml.jackson.core:jackson-core:2.9.7
+--- com.fasterxml.jackson.core:jackson-annotations:2.9.7
+--- net.sf.json-lib:json-lib:2.4
|    +--- commons-beanutils:commons-beanutils:1.8.0 -> 1.9.3 (*)
|    +--- commons-collections:commons-collections:3.2.1 -> 3.2.2
|    +--- commons-lang:commons-lang:2.5 -> 2.6
|    \--- net.sf.ezmorph:ezmorph:1.0.6
|         \--- commons-lang:commons-lang:2.3 -> 2.6
+--- javax.persistence:persistence-api:1.0.2
+--- log4j:log4j:1.2.17
+--- org.springframework.boot:spring-boot-starter-web -> 1.5.17.RELEASE
|    +--- org.springframework.boot:spring-boot-starter:1.5.17.RELEASE (*)
|    +--- org.springframework.boot:spring-boot-starter-tomcat:1.5.17.RELEASE
|    |    +--- org.apache.tomcat.embed:tomcat-embed-core:8.5.34
|    |    |    \--- org.apache.tomcat:tomcat-annotations-api:8.5.34
|    |    +--- org.apache.tomcat.embed:tomcat-embed-el:8.5.34
|    |    \--- org.apache.tomcat.embed:tomcat-embed-websocket:8.5.34
|    |         \--- org.apache.tomcat.embed:tomcat-embed-core:8.5.34 (*)
|    +--- org.hibernate:hibernate-validator:5.3.6.Final
|    |    +--- javax.validation:validation-api:1.1.0.Final
|    |    +--- org.jboss.logging:jboss-logging:3.3.0.Final -> 3.3.2.Final
|    |    \--- com.fasterxml:classmate:1.3.1 -> 1.3.4
|    +--- com.fasterxml.jackson.core:jackson-databind:2.8.11.2 -> 2.9.7 (*)
|    +--- org.springframework:spring-web:4.3.20.RELEASE (*)
|    \--- org.springframework:spring-webmvc:4.3.20.RELEASE
|         +--- org.springframework:spring-aop:4.3.20.RELEASE (*)
|         +--- org.springframework:spring-beans:4.3.20.RELEASE (*)
|         +--- org.springframework:spring-context:4.3.20.RELEASE (*)
|         +--- org.springframework:spring-core:4.3.20.RELEASE
|         +--- org.springframework:spring-expression:4.3.20.RELEASE (*)
|         \--- org.springframework:spring-web:4.3.20.RELEASE (*)
+--- org.springframework.boot:spring-boot-starter-thymeleaf -> 1.5.17.RELEASE
|    +--- org.springframework.boot:spring-boot-starter:1.5.17.RELEASE (*)
|    +--- org.springframework.boot:spring-boot-starter-web:1.5.17.RELEASE (*)
|    +--- org.thymeleaf:thymeleaf-spring4:2.1.6.RELEASE
|    |    +--- org.thymeleaf:thymeleaf:2.1.6.RELEASE
|    |    |    +--- ognl:ognl:3.0.8
|    |    |    +--- org.javassist:javassist:3.16.1-GA -> 3.21.0-GA
|    |    |    +--- org.unbescape:unbescape:1.1.0.RELEASE
|    |    |    \--- org.slf4j:slf4j-api:1.6.6 -> 1.7.25
|    |    \--- org.slf4j:slf4j-api:1.6.6 -> 1.7.25
|    \--- nz.net.ultraq.thymeleaf:thymeleaf-layout-dialect:1.4.0
|         +--- org.codehaus.groovy:groovy:2.4.3 -> 2.4.15
|         \--- org.thymeleaf:thymeleaf:2.1.4.RELEASE -> 2.1.6.RELEASE (*)
+--- org.apache.shiro:shiro-core:1.3.2
|    +--- org.slf4j:slf4j-api:1.6.4 -> 1.7.25
|    \--- commons-beanutils:commons-beanutils:1.8.3 -> 1.9.3 (*)
+--- com.baidu.unbiz:fluent-validator:1.0.6
|    +--- org.slf4j:slf4j-api:1.7.7 -> 1.7.25
|    \--- org.slf4j:slf4j-log4j12:1.7.7 -> 1.7.25
|         +--- org.slf4j:slf4j-api:1.7.25
|         \--- log4j:log4j:1.2.17
\--- org.springframework.session:spring-session-data-redis -> 1.3.3.RELEASE
     +--- org.apache.commons:commons-pool2:2.4.2 -> 2.4.3
     +--- org.springframework.data:spring-data-redis:1.7.10.RELEASE -> 1.8.16.RELEASE
     |    +--- org.springframework.data:spring-data-keyvalue:1.2.16.RELEASE
     |    |    +--- org.springframework.data:spring-data-commons:1.13.16.RELEASE
     |    |    |    +--- org.springframework:spring-core:4.3.20.RELEASE
     |    |    |    \--- org.springframework:spring-beans:4.3.20.RELEASE (*)
     |    |    +--- org.springframework:spring-context:4.3.20.RELEASE (*)
     |    |    \--- org.springframework:spring-tx:4.3.20.RELEASE
     |    |         +--- org.springframework:spring-beans:4.3.20.RELEASE (*)
     |    |         \--- org.springframework:spring-core:4.3.20.RELEASE
     |    +--- org.springframework:spring-tx:4.3.20.RELEASE (*)
     |    +--- org.springframework:spring-oxm:4.3.20.RELEASE
     |    |    +--- org.springframework:spring-beans:4.3.20.RELEASE (*)
     |    |    \--- org.springframework:spring-core:4.3.20.RELEASE
     |    +--- org.springframework:spring-aop:4.3.20.RELEASE (*)
     |    \--- org.springframework:spring-context-support:4.3.20.RELEASE
     |         +--- org.springframework:spring-beans:4.3.20.RELEASE (*)
     |         +--- org.springframework:spring-context:4.3.20.RELEASE (*)
     |         \--- org.springframework:spring-core:4.3.20.RELEASE
     +--- org.springframework.session:spring-session:1.3.3.RELEASE
     \--- redis.clients:jedis:2.8.1 -> 2.9.0
          \--- org.apache.commons:commons-pool2:2.4.2 -> 2.4.3

compileOnly - Compile only dependencies for source set 'main'. (n)
\--- org.projectlombok:lombok:1.18.12 (n)

default - Configuration for default artifacts. (n)
No dependencies

developmentOnly
No dependencies

implementation - Implementation only dependencies for source set 'main'. (n)
+--- org.springframework.boot:spring-boot-dependencies:1.5.17.RELEASE (n)
+--- org.springframework.boot:spring-boot-starter (n)
+--- com.alibaba:dubbo:2.5.6 (n)
+--- com.github.sgroschupf:zkclient:0.1 (n)
+--- mysql:mysql-connector-java:5.1.34 (n)
+--- io.springfox:springfox-swagger2:2.4.0 (n)
+--- io.springfox:springfox-swagger-ui:2.4.0 (n)
+--- commons-fileupload:commons-fileupload:1.3.1 (n)
+--- commons-beanutils:commons-beanutils:1.9.3 (n)
+--- commons-lang:commons-lang:2.6 (n)
+--- commons-codec:commons-codec:1.10 (n)
+--- org.apache.commons:commons-compress:1.18 (n)
+--- org.apache.httpcomponents:httpclient:4.5.2 (n)
+--- org.apache.velocity:velocity:1.7 (n)
+--- org.aspectj:aspectjweaver:1.8.8 (n)
+--- com.alibaba:fastjson:1.2.28 (n)
+--- com.fasterxml.jackson.core:jackson-core:2.9.7 (n)
+--- com.fasterxml.jackson.core:jackson-databind:2.9.7 (n)
+--- com.fasterxml.jackson.core:jackson-annotations:2.9.7 (n)
+--- net.sf.json-lib:json-lib:2.4 (n)
+--- javax.persistence:persistence-api:1.0.2 (n)
+--- log4j:log4j:1.2.17 (n)
+--- org.springframework.boot:spring-boot-starter-web (n)
+--- org.springframework.boot:spring-boot-starter-thymeleaf (n)
+--- org.apache.shiro:shiro-core:1.3.2 (n)
+--- com.baidu.unbiz:fluent-validator:1.0.6 (n)
\--- org.springframework.session:spring-session-data-redis (n)

runtimeClasspath - Runtime classpath of source set 'main'.
+--- project :zheng-upms:zheng-upms-client
|    +--- project :zheng-common
|    |    +--- org.springframework.boot:spring-boot-dependencies:1.5.17.RELEASE
|    |    |    +--- com.fasterxml.jackson.core:jackson-annotations:2.8.0 -> 2.9.7 (c)
|    |    |    +--- com.fasterxml.jackson.core:jackson-core:2.8.11 -> 2.9.7 (c)
|    |    |    +--- com.fasterxml.jackson.core:jackson-databind:2.8.11.2 -> 2.9.7 (c)
|    |    |    +--- org.springframework.boot:spring-boot-starter:1.5.17.RELEASE (c)
|    |    |    +--- org.springframework.boot:spring-boot-starter-thymeleaf:1.5.17.RELEASE (c)
|    |    |    +--- org.springframework.boot:spring-boot-starter-web:1.5.17.RELEASE (c)
|    |    |    +--- commons-beanutils:commons-beanutils:1.9.3 (c)
|    |    |    +--- commons-codec:commons-codec:1.10 (c)
|    |    |    +--- mysql:mysql-connector-java:5.1.47 (c)
|    |    |    +--- org.apache.httpcomponents:httpclient:4.5.6 (c)
|    |    |    +--- org.aspectj:aspectjweaver:1.8.13 (c)
|    |    |    +--- org.springframework.session:spring-session-data-redis:1.3.3.RELEASE (c)
|    |    |    +--- org.springframework.boot:spring-boot-starter-data-redis:1.5.17.RELEASE (c)
|    |    |    +--- org.springframework.boot:spring-boot-starter-security:1.5.17.RELEASE (c)
|    |    |    +--- org.springframework:spring-context:4.3.20.RELEASE (c)
|    |    |    +--- org.springframework:spring-beans:4.3.20.RELEASE (c)
|    |    |    +--- org.springframework:spring-web:4.3.20.RELEASE (c)
|    |    |    +--- org.javassist:javassist:3.21.0-GA (c)
|    |    |    +--- com.fasterxml:classmate:1.3.4 (c)
|    |    |    +--- org.slf4j:slf4j-api:1.7.25 (c)
|    |    |    +--- org.springframework.plugin:spring-plugin-core:1.2.0.RELEASE (c)
|    |    |    +--- org.springframework.plugin:spring-plugin-metadata:1.2.0.RELEASE (c)
|    |    |    +--- commons-collections:commons-collections:3.2.2 (c)
|    |    |    +--- org.slf4j:slf4j-log4j12:1.7.25 (c)
|    |    |    +--- org.springframework.boot:spring-boot:1.5.17.RELEASE (c)
|    |    |    +--- org.springframework.boot:spring-boot-autoconfigure:1.5.17.RELEASE (c)
|    |    |    +--- org.springframework.boot:spring-boot-starter-logging:1.5.17.RELEASE (c)
|    |    |    +--- org.springframework:spring-core:4.3.20.RELEASE (c)
|    |    |    +--- org.yaml:snakeyaml:1.17 (c)
|    |    |    +--- org.thymeleaf:thymeleaf-spring4:2.1.6.RELEASE (c)
|    |    |    +--- nz.net.ultraq.thymeleaf:thymeleaf-layout-dialect:1.4.0 (c)
|    |    |    +--- org.springframework.boot:spring-boot-starter-tomcat:1.5.17.RELEASE (c)
|    |    |    +--- org.hibernate:hibernate-validator:5.3.6.Final (c)
|    |    |    +--- org.springframework:spring-webmvc:4.3.20.RELEASE (c)
|    |    |    +--- org.apache.httpcomponents:httpcore:4.4.10 (c)
|    |    |    +--- org.apache.commons:commons-pool2:2.4.3 (c)
|    |    |    +--- org.springframework.data:spring-data-redis:1.8.16.RELEASE (c)
|    |    |    +--- org.springframework.session:spring-session:1.3.3.RELEASE (c)
|    |    |    +--- redis.clients:jedis:2.9.0 (c)
|    |    |    +--- org.springframework.boot:spring-boot-starter-jdbc:1.5.17.RELEASE (c)
|    |    |    +--- org.springframework.boot:spring-boot-starter-mail:1.5.17.RELEASE (c)
|    |    |    +--- org.springframework.boot:spring-boot-starter-activemq:1.5.17.RELEASE (c)
|    |    |    +--- org.springframework:spring-aop:4.3.20.RELEASE (c)
|    |    |    +--- org.springframework.security:spring-security-config:4.2.9.RELEASE (c)
|    |    |    +--- org.springframework.security:spring-security-web:4.2.9.RELEASE (c)
|    |    |    +--- org.springframework.data:spring-data-keyvalue:1.2.16.RELEASE (c)
|    |    |    +--- org.springframework:spring-tx:4.3.20.RELEASE (c)
|    |    |    +--- org.springframework:spring-oxm:4.3.20.RELEASE (c)
|    |    |    +--- org.springframework:spring-context-support:4.3.20.RELEASE (c)
|    |    |    +--- org.slf4j:jcl-over-slf4j:1.7.25 (c)
|    |    |    +--- org.springframework:spring-expression:4.3.20.RELEASE (c)
|    |    |    +--- org.slf4j:jul-to-slf4j:1.7.25 (c)
|    |    |    +--- org.thymeleaf:thymeleaf:2.1.6.RELEASE (c)
|    |    |    +--- org.codehaus.groovy:groovy:2.4.15 (c)
|    |    |    +--- org.apache.tomcat.embed:tomcat-embed-core:8.5.34 (c)
|    |    |    +--- org.apache.tomcat.embed:tomcat-embed-el:8.5.34 (c)
|    |    |    +--- org.apache.tomcat.embed:tomcat-embed-websocket:8.5.34 (c)
|    |    |    +--- javax.validation:validation-api:1.1.0.Final (c)
|    |    |    +--- org.jboss.logging:jboss-logging:3.3.2.Final (c)
|    |    |    +--- org.apache.tomcat:tomcat-jdbc:8.5.34 (c)
|    |    |    +--- org.springframework:spring-jdbc:4.3.20.RELEASE (c)
|    |    |    +--- com.sun.mail:javax.mail:1.5.6 (c)
|    |    |    +--- org.springframework:spring-jms:4.3.20.RELEASE (c)
|    |    |    +--- org.apache.activemq:activemq-broker:5.14.5 (c)
|    |    |    +--- org.springframework.security:spring-security-core:4.2.9.RELEASE (c)
|    |    |    +--- junit:junit:4.12 (c)
|    |    |    +--- org.springframework.data:spring-data-commons:1.13.16.RELEASE (c)
|    |    |    +--- org.apache.tomcat:tomcat-annotations-api:8.5.34 (c)
|    |    |    +--- org.springframework:spring-messaging:4.3.20.RELEASE (c)
|    |    |    +--- org.apache.activemq:activemq-client:5.14.5 (c)
|    |    |    +--- org.apache.activemq:activemq-openwire-legacy:5.14.5 (c)
|    |    |    \--- org.hamcrest:hamcrest-core:1.3 (c)
|    |    +--- org.springframework.boot:spring-boot-starter -> 1.5.17.RELEASE
|    |    |    +--- org.springframework.boot:spring-boot:1.5.17.RELEASE
|    |    |    |    +--- org.springframework:spring-core:4.3.20.RELEASE
|    |    |    |    \--- org.springframework:spring-context:4.3.20.RELEASE
|    |    |    |         +--- org.springframework:spring-aop:4.3.20.RELEASE
|    |    |    |         |    +--- org.springframework:spring-beans:4.3.20.RELEASE
|    |    |    |         |    |    \--- org.springframework:spring-core:4.3.20.RELEASE
|    |    |    |         |    \--- org.springframework:spring-core:4.3.20.RELEASE
|    |    |    |         +--- org.springframework:spring-beans:4.3.20.RELEASE (*)
|    |    |    |         +--- org.springframework:spring-core:4.3.20.RELEASE
|    |    |    |         \--- org.springframework:spring-expression:4.3.20.RELEASE
|    |    |    |              \--- org.springframework:spring-core:4.3.20.RELEASE
|    |    |    +--- org.springframework.boot:spring-boot-autoconfigure:1.5.17.RELEASE
|    |    |    |    \--- org.springframework.boot:spring-boot:1.5.17.RELEASE (*)
|    |    |    +--- org.springframework.boot:spring-boot-starter-logging:1.5.17.RELEASE
|    |    |    |    +--- org.slf4j:jcl-over-slf4j:1.7.25
|    |    |    |    |    \--- org.slf4j:slf4j-api:1.7.25
|    |    |    |    \--- org.slf4j:jul-to-slf4j:1.7.25
|    |    |    |         \--- org.slf4j:slf4j-api:1.7.25
|    |    |    +--- org.springframework:spring-core:4.3.20.RELEASE
|    |    |    \--- org.yaml:snakeyaml:1.17
|    |    +--- com.alibaba:dubbo:2.5.6
|    |    |    +--- org.springframework:spring-context:4.3.10.RELEASE -> 4.3.20.RELEASE (*)
|    |    |    +--- org.springframework:spring-beans:4.3.10.RELEASE -> 4.3.20.RELEASE (*)
|    |    |    +--- org.springframework:spring-web:4.3.10.RELEASE -> 4.3.20.RELEASE
|    |    |    |    +--- org.springframework:spring-aop:4.3.20.RELEASE (*)
|    |    |    |    +--- org.springframework:spring-beans:4.3.20.RELEASE (*)
|    |    |    |    +--- org.springframework:spring-context:4.3.20.RELEASE (*)
|    |    |    |    \--- org.springframework:spring-core:4.3.20.RELEASE
|    |    |    +--- org.javassist:javassist:3.20.0-GA -> 3.21.0-GA
|    |    |    \--- org.jboss.netty:netty:3.2.5.Final
|    |    +--- com.github.sgroschupf:zkclient:0.1
|    |    |    +--- org.apache.zookeeper:zookeeper:3.3.3
|    |    |    |    +--- log4j:log4j:1.2.15 -> 1.2.17
|    |    |    |    \--- jline:jline:0.9.94
|    |    |    |         \--- junit:junit:3.8.1 -> 4.12
|    |    |    |              \--- org.hamcrest:hamcrest-core:1.3
|    |    |    \--- log4j:log4j:1.2.14 -> 1.2.17
|    |    +--- mysql:mysql-connector-java:5.1.34 -> 5.1.47
|    |    +--- io.springfox:springfox-swagger2:2.4.0
|    |    |    +--- io.swagger:swagger-annotations:1.5.6
|    |    |    +--- io.swagger:swagger-models:1.5.6
|    |    |    |    +--- com.fasterxml.jackson.core:jackson-annotations:2.4.5 -> 2.9.7
|    |    |    |    +--- org.slf4j:slf4j-api:1.6.3 -> 1.7.25
|    |    |    |    \--- io.swagger:swagger-annotations:1.5.6
|    |    |    +--- io.springfox:springfox-spi:2.4.0
|    |    |    |    \--- io.springfox:springfox-core:2.4.0
|    |    |    |         +--- com.google.guava:guava:18.0
|    |    |    |         +--- com.fasterxml:classmate:1.3.1 -> 1.3.4
|    |    |    |         +--- org.slf4j:slf4j-api:1.7.13 -> 1.7.25
|    |    |    |         +--- org.springframework.plugin:spring-plugin-core:1.2.0.RELEASE
|    |    |    |         |    +--- org.springframework:spring-beans:4.0.9.RELEASE -> 4.3.20.RELEASE (*)
|    |    |    |         |    +--- org.springframework:spring-context:4.0.9.RELEASE -> 4.3.20.RELEASE (*)
|    |    |    |         |    +--- org.springframework:spring-aop:4.0.9.RELEASE -> 4.3.20.RELEASE (*)
|    |    |    |         |    \--- org.slf4j:slf4j-api:1.7.10 -> 1.7.25
|    |    |    |         \--- org.springframework.plugin:spring-plugin-metadata:1.2.0.RELEASE
|    |    |    |              +--- org.springframework.plugin:spring-plugin-core:1.2.0.RELEASE (*)
|    |    |    |              \--- org.slf4j:slf4j-api:1.7.10 -> 1.7.25
|    |    |    +--- io.springfox:springfox-schema:2.4.0
|    |    |    |    +--- io.springfox:springfox-core:2.4.0 (*)
|    |    |    |    \--- io.springfox:springfox-spi:2.4.0 (*)
|    |    |    +--- io.springfox:springfox-swagger-common:2.4.0
|    |    |    |    +--- io.swagger:swagger-annotations:1.5.6
|    |    |    |    +--- io.swagger:swagger-models:1.5.6 (*)
|    |    |    |    +--- io.springfox:springfox-spi:2.4.0 (*)
|    |    |    |    +--- io.springfox:springfox-schema:2.4.0 (*)
|    |    |    |    +--- io.springfox:springfox-spring-web:2.4.0
|    |    |    |    |    +--- com.google.guava:guava:18.0
|    |    |    |    |    +--- com.fasterxml:classmate:1.3.1 -> 1.3.4
|    |    |    |    |    +--- org.slf4j:slf4j-api:1.7.13 -> 1.7.25
|    |    |    |    |    +--- org.springframework.plugin:spring-plugin-core:1.2.0.RELEASE (*)
|    |    |    |    |    +--- org.springframework.plugin:spring-plugin-metadata:1.2.0.RELEASE (*)
|    |    |    |    |    +--- io.springfox:springfox-spi:2.4.0 (*)
|    |    |    |    |    \--- io.springfox:springfox-schema:2.4.0 (*)
|    |    |    |    +--- com.google.guava:guava:18.0
|    |    |    |    +--- com.fasterxml:classmate:1.3.1 -> 1.3.4
|    |    |    |    +--- org.slf4j:slf4j-api:1.7.13 -> 1.7.25
|    |    |    |    +--- org.springframework.plugin:spring-plugin-core:1.2.0.RELEASE (*)
|    |    |    |    \--- org.springframework.plugin:spring-plugin-metadata:1.2.0.RELEASE (*)
|    |    |    +--- io.springfox:springfox-spring-web:2.4.0 (*)
|    |    |    +--- com.google.guava:guava:18.0
|    |    |    +--- com.fasterxml:classmate:1.3.1 -> 1.3.4
|    |    |    +--- org.slf4j:slf4j-api:1.7.13 -> 1.7.25
|    |    |    +--- org.springframework.plugin:spring-plugin-core:1.2.0.RELEASE (*)
|    |    |    \--- org.springframework.plugin:spring-plugin-metadata:1.2.0.RELEASE (*)
|    |    +--- io.springfox:springfox-swagger-ui:2.4.0
|    |    |    \--- io.springfox:springfox-spring-web:2.4.0 (*)
|    |    +--- commons-fileupload:commons-fileupload:1.3.1
|    |    |    \--- commons-io:commons-io:2.2
|    |    +--- commons-beanutils:commons-beanutils:1.9.3
|    |    |    \--- commons-collections:commons-collections:3.2.2
|    |    +--- commons-lang:commons-lang:2.6
|    |    +--- commons-codec:commons-codec:1.10
|    |    +--- org.apache.commons:commons-compress:1.18
|    |    +--- org.apache.httpcomponents:httpclient:4.5.2 -> 4.5.6
|    |    |    +--- org.apache.httpcomponents:httpcore:4.4.10
|    |    |    \--- commons-codec:commons-codec:1.10
|    |    +--- org.apache.velocity:velocity:1.7
|    |    |    +--- commons-collections:commons-collections:3.2.1 -> 3.2.2
|    |    |    \--- commons-lang:commons-lang:2.4 -> 2.6
|    |    +--- org.aspectj:aspectjweaver:1.8.8 -> 1.8.13
|    |    +--- com.alibaba:fastjson:1.2.28
|    |    +--- com.fasterxml.jackson.core:jackson-core:2.9.7
|    |    +--- com.fasterxml.jackson.core:jackson-databind:2.9.7
|    |    |    +--- com.fasterxml.jackson.core:jackson-annotations:2.9.0 -> 2.9.7
|    |    |    \--- com.fasterxml.jackson.core:jackson-core:2.9.7
|    |    +--- com.fasterxml.jackson.core:jackson-annotations:2.9.7
|    |    +--- net.sf.json-lib:json-lib:2.4
|    |    |    +--- commons-beanutils:commons-beanutils:1.8.0 -> 1.9.3 (*)
|    |    |    +--- commons-collections:commons-collections:3.2.1 -> 3.2.2
|    |    |    +--- commons-lang:commons-lang:2.5 -> 2.6
|    |    |    \--- net.sf.ezmorph:ezmorph:1.0.6
|    |    |         \--- commons-lang:commons-lang:2.3 -> 2.6
|    |    +--- javax.persistence:persistence-api:1.0.2
|    |    +--- log4j:log4j:1.2.17
|    |    +--- org.springframework.boot:spring-boot-starter-web -> 1.5.17.RELEASE
|    |    |    +--- org.springframework.boot:spring-boot-starter:1.5.17.RELEASE (*)
|    |    |    +--- org.springframework.boot:spring-boot-starter-tomcat:1.5.17.RELEASE
|    |    |    |    +--- org.apache.tomcat.embed:tomcat-embed-core:8.5.34
|    |    |    |    |    \--- org.apache.tomcat:tomcat-annotations-api:8.5.34
|    |    |    |    +--- org.apache.tomcat.embed:tomcat-embed-el:8.5.34
|    |    |    |    \--- org.apache.tomcat.embed:tomcat-embed-websocket:8.5.34
|    |    |    |         \--- org.apache.tomcat.embed:tomcat-embed-core:8.5.34 (*)
|    |    |    +--- org.hibernate:hibernate-validator:5.3.6.Final
|    |    |    |    +--- javax.validation:validation-api:1.1.0.Final
|    |    |    |    +--- org.jboss.logging:jboss-logging:3.3.0.Final -> 3.3.2.Final
|    |    |    |    \--- com.fasterxml:classmate:1.3.1 -> 1.3.4
|    |    |    +--- com.fasterxml.jackson.core:jackson-databind:2.8.11.2 -> 2.9.7 (*)
|    |    |    +--- org.springframework:spring-web:4.3.20.RELEASE (*)
|    |    |    \--- org.springframework:spring-webmvc:4.3.20.RELEASE
|    |    |         +--- org.springframework:spring-aop:4.3.20.RELEASE (*)
|    |    |         +--- org.springframework:spring-beans:4.3.20.RELEASE (*)
|    |    |         +--- org.springframework:spring-context:4.3.20.RELEASE (*)
|    |    |         +--- org.springframework:spring-core:4.3.20.RELEASE
|    |    |         +--- org.springframework:spring-expression:4.3.20.RELEASE (*)
|    |    |         \--- org.springframework:spring-web:4.3.20.RELEASE (*)
|    |    +--- org.springframework.boot:spring-boot-starter-jdbc -> 1.5.17.RELEASE
|    |    |    +--- org.springframework.boot:spring-boot-starter:1.5.17.RELEASE (*)
|    |    |    +--- org.apache.tomcat:tomcat-jdbc:8.5.34
|    |    |    |    \--- org.apache.tomcat:tomcat-juli:8.5.34
|    |    |    \--- org.springframework:spring-jdbc:4.3.20.RELEASE
|    |    |         +--- org.springframework:spring-beans:4.3.20.RELEASE (*)
|    |    |         +--- org.springframework:spring-core:4.3.20.RELEASE
|    |    |         \--- org.springframework:spring-tx:4.3.20.RELEASE
|    |    |              +--- org.springframework:spring-beans:4.3.20.RELEASE (*)
|    |    |              \--- org.springframework:spring-core:4.3.20.RELEASE
|    |    +--- org.springframework.boot:spring-boot-starter-mail -> 1.5.17.RELEASE
|    |    |    +--- org.springframework.boot:spring-boot-starter:1.5.17.RELEASE (*)
|    |    |    +--- org.springframework:spring-context:4.3.20.RELEASE (*)
|    |    |    +--- org.springframework:spring-context-support:4.3.20.RELEASE
|    |    |    |    +--- org.springframework:spring-beans:4.3.20.RELEASE (*)
|    |    |    |    +--- org.springframework:spring-context:4.3.20.RELEASE (*)
|    |    |    |    \--- org.springframework:spring-core:4.3.20.RELEASE
|    |    |    \--- com.sun.mail:javax.mail:1.5.6
|    |    |         \--- javax.activation:activation:1.1
|    |    +--- org.springframework.boot:spring-boot-starter-activemq -> 1.5.17.RELEASE
|    |    |    +--- org.springframework.boot:spring-boot-starter:1.5.17.RELEASE (*)
|    |    |    +--- org.springframework:spring-jms:4.3.20.RELEASE
|    |    |    |    +--- org.springframework:spring-aop:4.3.20.RELEASE (*)
|    |    |    |    +--- org.springframework:spring-beans:4.3.20.RELEASE (*)
|    |    |    |    +--- org.springframework:spring-context:4.3.20.RELEASE (*)
|    |    |    |    +--- org.springframework:spring-core:4.3.20.RELEASE
|    |    |    |    +--- org.springframework:spring-messaging:4.3.20.RELEASE
|    |    |    |    |    +--- org.springframework:spring-beans:4.3.20.RELEASE (*)
|    |    |    |    |    +--- org.springframework:spring-context:4.3.20.RELEASE (*)
|    |    |    |    |    \--- org.springframework:spring-core:4.3.20.RELEASE
|    |    |    |    \--- org.springframework:spring-tx:4.3.20.RELEASE (*)
|    |    |    \--- org.apache.activemq:activemq-broker:5.14.5
|    |    |         +--- org.apache.activemq:activemq-client:5.14.5
|    |    |         |    +--- org.slf4j:slf4j-api:1.7.13 -> 1.7.25
|    |    |         |    +--- org.apache.geronimo.specs:geronimo-jms_1.1_spec:1.1.1
|    |    |         |    +--- org.fusesource.hawtbuf:hawtbuf:1.11
|    |    |         |    \--- org.apache.geronimo.specs:geronimo-j2ee-management_1.1_spec:1.0.1
|    |    |         \--- org.apache.activemq:activemq-openwire-legacy:5.14.5
|    |    |              \--- org.apache.activemq:activemq-client:5.14.5 (*)
|    |    +--- org.springframework.boot:spring-boot-starter-data-redis -> 1.5.17.RELEASE
|    |    |    +--- org.springframework.boot:spring-boot-starter:1.5.17.RELEASE (*)
|    |    |    +--- org.springframework.data:spring-data-redis:1.8.16.RELEASE
|    |    |    |    +--- org.springframework.data:spring-data-keyvalue:1.2.16.RELEASE
|    |    |    |    |    +--- org.springframework.data:spring-data-commons:1.13.16.RELEASE
|    |    |    |    |    |    +--- org.springframework:spring-core:4.3.20.RELEASE
|    |    |    |    |    |    +--- org.springframework:spring-beans:4.3.20.RELEASE (*)
|    |    |    |    |    |    +--- org.slf4j:slf4j-api:1.7.25
|    |    |    |    |    |    \--- org.slf4j:jcl-over-slf4j:1.7.25 (*)
|    |    |    |    |    +--- org.springframework:spring-context:4.3.20.RELEASE (*)
|    |    |    |    |    +--- org.springframework:spring-tx:4.3.20.RELEASE (*)
|    |    |    |    |    +--- org.slf4j:slf4j-api:1.7.25
|    |    |    |    |    \--- org.slf4j:jcl-over-slf4j:1.7.25 (*)
|    |    |    |    +--- org.springframework:spring-tx:4.3.20.RELEASE (*)
|    |    |    |    +--- org.springframework:spring-oxm:4.3.20.RELEASE
|    |    |    |    |    +--- org.springframework:spring-beans:4.3.20.RELEASE (*)
|    |    |    |    |    \--- org.springframework:spring-core:4.3.20.RELEASE
|    |    |    |    +--- org.springframework:spring-aop:4.3.20.RELEASE (*)
|    |    |    |    +--- org.springframework:spring-context-support:4.3.20.RELEASE (*)
|    |    |    |    +--- org.slf4j:slf4j-api:1.7.25
|    |    |    |    \--- org.slf4j:jcl-over-slf4j:1.7.25 (*)
|    |    |    \--- redis.clients:jedis:2.9.0
|    |    |         \--- org.apache.commons:commons-pool2:2.4.2 -> 2.4.3
|    |    +--- com.baidu.unbiz:fluent-validator:1.0.6
|    |    |    +--- org.slf4j:slf4j-api:1.7.7 -> 1.7.25
|    |    |    \--- org.slf4j:slf4j-log4j12:1.7.7 -> 1.7.25
|    |    |         +--- org.slf4j:slf4j-api:1.7.25
|    |    |         \--- log4j:log4j:1.2.17
|    |    +--- org.apache.shiro:shiro-spring:1.3.2
|    |    |    +--- org.apache.shiro:shiro-core:1.3.2
|    |    |    |    +--- org.slf4j:slf4j-api:1.6.4 -> 1.7.25
|    |    |    |    \--- commons-beanutils:commons-beanutils:1.8.3 -> 1.9.3 (*)
|    |    |    \--- org.apache.shiro:shiro-web:1.3.2
|    |    |         \--- org.apache.shiro:shiro-core:1.3.2 (*)
|    |    +--- com.alibaba:druid:1.0.14
|    |    +--- org.mybatis.spring.boot:mybatis-spring-boot-starter:1.3.1
|    |    |    +--- org.springframework.boot:spring-boot-starter:1.5.6.RELEASE -> 1.5.17.RELEASE (*)
|    |    |    +--- org.springframework.boot:spring-boot-starter-jdbc:1.5.6.RELEASE -> 1.5.17.RELEASE (*)
|    |    |    +--- org.mybatis.spring.boot:mybatis-spring-boot-autoconfigure:1.3.1
|    |    |    |    \--- org.springframework.boot:spring-boot-autoconfigure:1.5.6.RELEASE -> 1.5.17.RELEASE (*)
|    |    |    +--- org.mybatis:mybatis:3.4.5
|    |    |    \--- org.mybatis:mybatis-spring:1.3.1
|    |    +--- org.mybatis:mybatis-ehcache:1.0.0
|    |    |    \--- net.sf.ehcache:ehcache-core:2.0.0
|    |    |         \--- org.slf4j:slf4j-api:1.5.8 -> 1.7.25
|    |    +--- org.mybatis.generator:mybatis-generator-core:1.3.5
|    |    \--- com.github.pagehelper:pagehelper:5.0.1
|    |         \--- com.github.jsqlparser:jsqlparser:0.9.5
|    +--- project :zheng-upms:zheng-upms-rpc-api
|    |    +--- project :zheng-upms:zheng-upms-dao
|    |    |    +--- project :zheng-upms:zheng-upms-common
|    |    |    |    +--- project :zheng-common (*)
|    |    |    |    +--- org.springframework.boot:spring-boot-dependencies:1.5.17.RELEASE (*)
|    |    |    |    +--- org.springframework.boot:spring-boot-starter -> 1.5.17.RELEASE (*)
|    |    |    |    +--- com.alibaba:dubbo:2.5.6 (*)
|    |    |    |    +--- com.github.sgroschupf:zkclient:0.1 (*)
|    |    |    |    +--- mysql:mysql-connector-java:5.1.34 -> 5.1.47
|    |    |    |    +--- io.springfox:springfox-swagger2:2.4.0 (*)
|    |    |    |    +--- io.springfox:springfox-swagger-ui:2.4.0 (*)
|    |    |    |    +--- commons-fileupload:commons-fileupload:1.3.1 (*)
|    |    |    |    +--- commons-beanutils:commons-beanutils:1.9.3 (*)
|    |    |    |    +--- commons-lang:commons-lang:2.6
|    |    |    |    +--- commons-codec:commons-codec:1.10
|    |    |    |    +--- org.apache.commons:commons-compress:1.18
|    |    |    |    +--- org.apache.httpcomponents:httpclient:4.5.2 -> 4.5.6 (*)
|    |    |    |    +--- org.apache.velocity:velocity:1.7 (*)
|    |    |    |    +--- org.aspectj:aspectjweaver:1.8.8 -> 1.8.13
|    |    |    |    +--- com.alibaba:fastjson:1.2.28
|    |    |    |    +--- com.fasterxml.jackson.core:jackson-core:2.9.7
|    |    |    |    +--- com.fasterxml.jackson.core:jackson-databind:2.9.7 (*)
|    |    |    |    +--- com.fasterxml.jackson.core:jackson-annotations:2.9.7
|    |    |    |    +--- net.sf.json-lib:json-lib:2.4 (*)
|    |    |    |    +--- javax.persistence:persistence-api:1.0.2
|    |    |    |    \--- log4j:log4j:1.2.17
|    |    |    +--- org.springframework.boot:spring-boot-dependencies:1.5.17.RELEASE (*)
|    |    |    +--- org.springframework.boot:spring-boot-starter -> 1.5.17.RELEASE (*)
|    |    |    +--- com.alibaba:dubbo:2.5.6 (*)
|    |    |    +--- com.github.sgroschupf:zkclient:0.1 (*)
|    |    |    +--- mysql:mysql-connector-java:5.1.34 -> 5.1.47
|    |    |    +--- io.springfox:springfox-swagger2:2.4.0 (*)
|    |    |    +--- io.springfox:springfox-swagger-ui:2.4.0 (*)
|    |    |    +--- commons-fileupload:commons-fileupload:1.3.1 (*)
|    |    |    +--- commons-beanutils:commons-beanutils:1.9.3 (*)
|    |    |    +--- commons-lang:commons-lang:2.6
|    |    |    +--- commons-codec:commons-codec:1.10
|    |    |    +--- org.apache.commons:commons-compress:1.18
|    |    |    +--- org.apache.httpcomponents:httpclient:4.5.2 -> 4.5.6 (*)
|    |    |    +--- org.apache.velocity:velocity:1.7 (*)
|    |    |    +--- org.aspectj:aspectjweaver:1.8.8 -> 1.8.13
|    |    |    +--- com.alibaba:fastjson:1.2.28
|    |    |    +--- com.fasterxml.jackson.core:jackson-core:2.9.7
|    |    |    +--- com.fasterxml.jackson.core:jackson-databind:2.9.7 (*)
|    |    |    +--- com.fasterxml.jackson.core:jackson-annotations:2.9.7
|    |    |    +--- net.sf.json-lib:json-lib:2.4 (*)
|    |    |    +--- javax.persistence:persistence-api:1.0.2
|    |    |    +--- log4j:log4j:1.2.17
|    |    |    \--- org.mybatis.spring.boot:mybatis-spring-boot-starter:1.3.1 (*)
|    |    +--- org.springframework.boot:spring-boot-dependencies:1.5.17.RELEASE (*)
|    |    +--- org.springframework.boot:spring-boot-starter -> 1.5.17.RELEASE (*)
|    |    +--- com.alibaba:dubbo:2.5.6 (*)
|    |    +--- com.github.sgroschupf:zkclient:0.1 (*)
|    |    +--- mysql:mysql-connector-java:5.1.34 -> 5.1.47
|    |    +--- io.springfox:springfox-swagger2:2.4.0 (*)
|    |    +--- io.springfox:springfox-swagger-ui:2.4.0 (*)
|    |    +--- commons-fileupload:commons-fileupload:1.3.1 (*)
|    |    +--- commons-beanutils:commons-beanutils:1.9.3 (*)
|    |    +--- commons-lang:commons-lang:2.6
|    |    +--- commons-codec:commons-codec:1.10
|    |    +--- org.apache.commons:commons-compress:1.18
|    |    +--- org.apache.httpcomponents:httpclient:4.5.2 -> 4.5.6 (*)
|    |    +--- org.apache.velocity:velocity:1.7 (*)
|    |    +--- org.aspectj:aspectjweaver:1.8.8 -> 1.8.13
|    |    +--- com.alibaba:fastjson:1.2.28
|    |    +--- com.fasterxml.jackson.core:jackson-core:2.9.7
|    |    +--- com.fasterxml.jackson.core:jackson-databind:2.9.7 (*)
|    |    +--- com.fasterxml.jackson.core:jackson-annotations:2.9.7
|    |    +--- net.sf.json-lib:json-lib:2.4 (*)
|    |    +--- javax.persistence:persistence-api:1.0.2
|    |    \--- log4j:log4j:1.2.17
|    +--- org.springframework.boot:spring-boot-dependencies:1.5.17.RELEASE (*)
|    +--- org.springframework.boot:spring-boot-starter -> 1.5.17.RELEASE (*)
|    +--- com.alibaba:dubbo:2.5.6 (*)
|    +--- com.github.sgroschupf:zkclient:0.1 (*)
|    +--- mysql:mysql-connector-java:5.1.34 -> 5.1.47
|    +--- io.springfox:springfox-swagger2:2.4.0 (*)
|    +--- io.springfox:springfox-swagger-ui:2.4.0 (*)
|    +--- commons-fileupload:commons-fileupload:1.3.1 (*)
|    +--- commons-beanutils:commons-beanutils:1.9.3 (*)
|    +--- commons-lang:commons-lang:2.6
|    +--- commons-codec:commons-codec:1.10
|    +--- org.apache.commons:commons-compress:1.18
|    +--- org.apache.httpcomponents:httpclient:4.5.2 -> 4.5.6 (*)
|    +--- org.apache.velocity:velocity:1.7 (*)
|    +--- org.aspectj:aspectjweaver:1.8.8 -> 1.8.13
|    +--- com.alibaba:fastjson:1.2.28
|    +--- com.fasterxml.jackson.core:jackson-core:2.9.7
|    +--- com.fasterxml.jackson.core:jackson-databind:2.9.7 (*)
|    +--- com.fasterxml.jackson.core:jackson-annotations:2.9.7
|    +--- net.sf.json-lib:json-lib:2.4 (*)
|    +--- javax.persistence:persistence-api:1.0.2
|    +--- log4j:log4j:1.2.17
|    +--- org.springframework.boot:spring-boot-starter-web -> 1.5.17.RELEASE (*)
|    +--- org.springframework.boot:spring-boot-starter-data-redis -> 1.5.17.RELEASE (*)
|    +--- org.apache.shiro:shiro-spring:1.3.2 (*)
|    \--- org.springframework.boot:spring-boot-starter-security -> 1.5.17.RELEASE
|         +--- org.springframework.boot:spring-boot-starter:1.5.17.RELEASE (*)
|         +--- org.springframework:spring-aop:4.3.20.RELEASE (*)
|         +--- org.springframework.security:spring-security-config:4.2.9.RELEASE
|         |    +--- org.springframework.security:spring-security-core:4.2.9.RELEASE
|         |    |    +--- org.springframework:spring-aop:4.3.19.RELEASE -> 4.3.20.RELEASE (*)
|         |    |    +--- org.springframework:spring-beans:4.3.19.RELEASE -> 4.3.20.RELEASE (*)
|         |    |    +--- org.springframework:spring-context:4.3.19.RELEASE -> 4.3.20.RELEASE (*)
|         |    |    +--- org.springframework:spring-core:4.3.19.RELEASE -> 4.3.20.RELEASE
|         |    |    \--- org.springframework:spring-expression:4.3.19.RELEASE -> 4.3.20.RELEASE (*)
|         |    +--- org.springframework:spring-aop:4.3.19.RELEASE -> 4.3.20.RELEASE (*)
|         |    +--- org.springframework:spring-beans:4.3.19.RELEASE -> 4.3.20.RELEASE (*)
|         |    +--- org.springframework:spring-context:4.3.19.RELEASE -> 4.3.20.RELEASE (*)
|         |    \--- org.springframework:spring-core:4.3.19.RELEASE -> 4.3.20.RELEASE
|         \--- org.springframework.security:spring-security-web:4.2.9.RELEASE
|              +--- org.springframework.security:spring-security-core:4.2.9.RELEASE (*)
|              +--- org.springframework:spring-beans:4.3.19.RELEASE -> 4.3.20.RELEASE (*)
|              +--- org.springframework:spring-context:4.3.19.RELEASE -> 4.3.20.RELEASE (*)
|              +--- org.springframework:spring-core:4.3.19.RELEASE -> 4.3.20.RELEASE
|              +--- org.springframework:spring-expression:4.3.19.RELEASE -> 4.3.20.RELEASE (*)
|              \--- org.springframework:spring-web:4.3.19.RELEASE -> 4.3.20.RELEASE (*)
+--- project :zheng-upms:zheng-upms-rpc-api (*)
+--- org.springframework.boot:spring-boot-dependencies:1.5.17.RELEASE (*)
+--- org.springframework.boot:spring-boot-starter -> 1.5.17.RELEASE (*)
+--- com.alibaba:dubbo:2.5.6 (*)
+--- com.github.sgroschupf:zkclient:0.1 (*)
+--- mysql:mysql-connector-java:5.1.34 -> 5.1.47
+--- io.springfox:springfox-swagger2:2.4.0 (*)
+--- io.springfox:springfox-swagger-ui:2.4.0 (*)
+--- commons-fileupload:commons-fileupload:1.3.1 (*)
+--- commons-beanutils:commons-beanutils:1.9.3 (*)
+--- commons-lang:commons-lang:2.6
+--- commons-codec:commons-codec:1.10
+--- org.apache.commons:commons-compress:1.18
+--- org.apache.httpcomponents:httpclient:4.5.2 -> 4.5.6 (*)
+--- org.apache.velocity:velocity:1.7 (*)
+--- org.aspectj:aspectjweaver:1.8.8 -> 1.8.13
+--- com.alibaba:fastjson:1.2.28
+--- com.fasterxml.jackson.core:jackson-core:2.9.7
+--- com.fasterxml.jackson.core:jackson-databind:2.9.7 (*)
+--- com.fasterxml.jackson.core:jackson-annotations:2.9.7
+--- net.sf.json-lib:json-lib:2.4 (*)
+--- javax.persistence:persistence-api:1.0.2
+--- log4j:log4j:1.2.17
+--- org.springframework.boot:spring-boot-starter-web -> 1.5.17.RELEASE (*)
+--- org.springframework.boot:spring-boot-starter-thymeleaf -> 1.5.17.RELEASE
|    +--- org.springframework.boot:spring-boot-starter:1.5.17.RELEASE (*)
|    +--- org.springframework.boot:spring-boot-starter-web:1.5.17.RELEASE (*)
|    +--- org.thymeleaf:thymeleaf-spring4:2.1.6.RELEASE
|    |    +--- org.thymeleaf:thymeleaf:2.1.6.RELEASE
|    |    |    +--- ognl:ognl:3.0.8
|    |    |    +--- org.javassist:javassist:3.16.1-GA -> 3.21.0-GA
|    |    |    +--- org.unbescape:unbescape:1.1.0.RELEASE
|    |    |    \--- org.slf4j:slf4j-api:1.6.6 -> 1.7.25
|    |    \--- org.slf4j:slf4j-api:1.6.6 -> 1.7.25
|    \--- nz.net.ultraq.thymeleaf:thymeleaf-layout-dialect:1.4.0
|         +--- org.codehaus.groovy:groovy:2.4.3 -> 2.4.15
|         \--- org.thymeleaf:thymeleaf:2.1.4.RELEASE -> 2.1.6.RELEASE (*)
+--- org.apache.shiro:shiro-core:1.3.2 (*)
+--- com.baidu.unbiz:fluent-validator:1.0.6 (*)
\--- org.springframework.session:spring-session-data-redis -> 1.3.3.RELEASE
     +--- org.apache.commons:commons-pool2:2.4.2 -> 2.4.3
     +--- org.springframework.data:spring-data-redis:1.7.10.RELEASE -> 1.8.16.RELEASE (*)
     +--- org.springframework.session:spring-session:1.3.3.RELEASE
     \--- redis.clients:jedis:2.8.1 -> 2.9.0 (*)

runtimeElements - Elements of runtime for main. (n)
No dependencies

runtimeOnly - Runtime only dependencies for source set 'main'. (n)
No dependencies

testAnnotationProcessor - Annotation processors and their dependencies for source set 'test'.
\--- org.projectlombok:lombok:1.18.12

testCompileClasspath - Compile classpath for source set 'test'.
+--- project :zheng-upms:zheng-upms-client
|    +--- project :zheng-common
|    \--- project :zheng-upms:zheng-upms-rpc-api
|         \--- project :zheng-upms:zheng-upms-dao
|              \--- project :zheng-upms:zheng-upms-common
|                   \--- project :zheng-common
+--- project :zheng-upms:zheng-upms-rpc-api (*)
+--- org.springframework.boot:spring-boot-dependencies:1.5.17.RELEASE
|    +--- com.fasterxml.jackson.core:jackson-annotations:2.8.0 -> 2.9.7 (c)
|    +--- com.fasterxml.jackson.core:jackson-core:2.8.11 -> 2.9.7 (c)
|    +--- com.fasterxml.jackson.core:jackson-databind:2.8.11.2 -> 2.9.7 (c)
|    +--- org.springframework.boot:spring-boot-starter:1.5.17.RELEASE (c)
|    +--- org.springframework.boot:spring-boot-starter-test:1.5.17.RELEASE (c)
|    +--- org.springframework.boot:spring-boot-starter-thymeleaf:1.5.17.RELEASE (c)
|    +--- org.springframework.boot:spring-boot-starter-web:1.5.17.RELEASE (c)
|    +--- commons-beanutils:commons-beanutils:1.9.3 (c)
|    +--- commons-codec:commons-codec:1.10 (c)
|    +--- mysql:mysql-connector-java:5.1.47 (c)
|    +--- org.apache.httpcomponents:httpclient:4.5.6 (c)
|    +--- org.aspectj:aspectjweaver:1.8.13 (c)
|    +--- org.projectlombok:lombok:1.16.22 -> 1.18.12 (c)
|    +--- org.springframework.session:spring-session-data-redis:1.3.3.RELEASE (c)
|    +--- org.springframework:spring-context:4.3.20.RELEASE (c)
|    +--- org.springframework:spring-beans:4.3.20.RELEASE (c)
|    +--- org.springframework:spring-web:4.3.20.RELEASE (c)
|    +--- org.javassist:javassist:3.21.0-GA (c)
|    +--- com.fasterxml:classmate:1.3.4 (c)
|    +--- org.slf4j:slf4j-api:1.7.25 (c)
|    +--- org.springframework.plugin:spring-plugin-core:1.2.0.RELEASE (c)
|    +--- org.springframework.plugin:spring-plugin-metadata:1.2.0.RELEASE (c)
|    +--- commons-collections:commons-collections:3.2.2 (c)
|    +--- org.slf4j:slf4j-log4j12:1.7.25 (c)
|    +--- org.springframework.boot:spring-boot:1.5.17.RELEASE (c)
|    +--- org.springframework.boot:spring-boot-autoconfigure:1.5.17.RELEASE (c)
|    +--- org.springframework.boot:spring-boot-starter-logging:1.5.17.RELEASE (c)
|    +--- org.springframework:spring-core:4.3.20.RELEASE (c)
|    +--- org.springframework.boot:spring-boot-test:1.5.17.RELEASE (c)
|    +--- org.springframework.boot:spring-boot-test-autoconfigure:1.5.17.RELEASE (c)
|    +--- com.jayway.jsonpath:json-path:2.2.0 (c)
|    +--- junit:junit:4.12 (c)
|    +--- org.assertj:assertj-core:2.6.0 (c)
|    +--- org.mockito:mockito-core:1.10.19 (c)
|    +--- org.hamcrest:hamcrest-core:1.3 (c)
|    +--- org.hamcrest:hamcrest-library:1.3 (c)
|    +--- org.skyscreamer:jsonassert:1.4.0 (c)
|    +--- org.springframework:spring-test:4.3.20.RELEASE (c)
|    +--- org.thymeleaf:thymeleaf-spring4:2.1.6.RELEASE (c)
|    +--- nz.net.ultraq.thymeleaf:thymeleaf-layout-dialect:1.4.0 (c)
|    +--- org.springframework.boot:spring-boot-starter-tomcat:1.5.17.RELEASE (c)
|    +--- org.hibernate:hibernate-validator:5.3.6.Final (c)
|    +--- org.springframework:spring-webmvc:4.3.20.RELEASE (c)
|    +--- org.apache.httpcomponents:httpcore:4.4.10 (c)
|    +--- org.apache.commons:commons-pool2:2.4.3 (c)
|    +--- org.springframework.data:spring-data-redis:1.8.16.RELEASE (c)
|    +--- org.springframework.session:spring-session:1.3.3.RELEASE (c)
|    +--- redis.clients:jedis:2.9.0 (c)
|    +--- org.springframework:spring-aop:4.3.20.RELEASE (c)
|    +--- org.springframework:spring-expression:4.3.20.RELEASE (c)
|    +--- org.slf4j:jcl-over-slf4j:1.7.25 (c)
|    +--- org.slf4j:jul-to-slf4j:1.7.25 (c)
|    +--- org.thymeleaf:thymeleaf:2.1.6.RELEASE (c)
|    +--- org.codehaus.groovy:groovy:2.4.15 (c)
|    +--- org.apache.tomcat.embed:tomcat-embed-core:8.5.34 (c)
|    +--- org.apache.tomcat.embed:tomcat-embed-el:8.5.34 (c)
|    +--- org.apache.tomcat.embed:tomcat-embed-websocket:8.5.34 (c)
|    +--- javax.validation:validation-api:1.1.0.Final (c)
|    +--- org.jboss.logging:jboss-logging:3.3.2.Final (c)
|    +--- org.springframework.data:spring-data-keyvalue:1.2.16.RELEASE (c)
|    +--- org.springframework:spring-tx:4.3.20.RELEASE (c)
|    +--- org.springframework:spring-oxm:4.3.20.RELEASE (c)
|    +--- org.springframework:spring-context-support:4.3.20.RELEASE (c)
|    +--- org.apache.tomcat:tomcat-annotations-api:8.5.34 (c)
|    \--- org.springframework.data:spring-data-commons:1.13.16.RELEASE (c)
+--- org.springframework.boot:spring-boot-starter -> 1.5.17.RELEASE
|    +--- org.springframework.boot:spring-boot:1.5.17.RELEASE
|    |    +--- org.springframework:spring-core:4.3.20.RELEASE
|    |    \--- org.springframework:spring-context:4.3.20.RELEASE
|    |         +--- org.springframework:spring-aop:4.3.20.RELEASE
|    |         |    +--- org.springframework:spring-beans:4.3.20.RELEASE
|    |         |    |    \--- org.springframework:spring-core:4.3.20.RELEASE
|    |         |    \--- org.springframework:spring-core:4.3.20.RELEASE
|    |         +--- org.springframework:spring-beans:4.3.20.RELEASE (*)
|    |         +--- org.springframework:spring-core:4.3.20.RELEASE
|    |         \--- org.springframework:spring-expression:4.3.20.RELEASE
|    |              \--- org.springframework:spring-core:4.3.20.RELEASE
|    +--- org.springframework.boot:spring-boot-autoconfigure:1.5.17.RELEASE
|    |    \--- org.springframework.boot:spring-boot:1.5.17.RELEASE (*)
|    +--- org.springframework.boot:spring-boot-starter-logging:1.5.17.RELEASE
|    |    +--- org.slf4j:jcl-over-slf4j:1.7.25
|    |    |    \--- org.slf4j:slf4j-api:1.7.25
|    |    \--- org.slf4j:jul-to-slf4j:1.7.25
|    |         \--- org.slf4j:slf4j-api:1.7.25
|    \--- org.springframework:spring-core:4.3.20.RELEASE
+--- com.alibaba:dubbo:2.5.6
|    +--- org.springframework:spring-context:4.3.10.RELEASE -> 4.3.20.RELEASE (*)
|    +--- org.springframework:spring-beans:4.3.10.RELEASE -> 4.3.20.RELEASE (*)
|    +--- org.springframework:spring-web:4.3.10.RELEASE -> 4.3.20.RELEASE
|    |    +--- org.springframework:spring-aop:4.3.20.RELEASE (*)
|    |    +--- org.springframework:spring-beans:4.3.20.RELEASE (*)
|    |    +--- org.springframework:spring-context:4.3.20.RELEASE (*)
|    |    \--- org.springframework:spring-core:4.3.20.RELEASE
|    +--- org.javassist:javassist:3.20.0-GA -> 3.21.0-GA
|    \--- org.jboss.netty:netty:3.2.5.Final
+--- com.github.sgroschupf:zkclient:0.1
|    +--- org.apache.zookeeper:zookeeper:3.3.3
|    |    +--- log4j:log4j:1.2.15 -> 1.2.17
|    |    \--- jline:jline:0.9.94
|    |         \--- junit:junit:3.8.1 -> 4.12
|    |              \--- org.hamcrest:hamcrest-core:1.3
|    \--- log4j:log4j:1.2.14 -> 1.2.17
+--- mysql:mysql-connector-java:5.1.34 -> 5.1.47
+--- io.springfox:springfox-swagger2:2.4.0
|    +--- io.swagger:swagger-annotations:1.5.6
|    +--- io.swagger:swagger-models:1.5.6
|    |    +--- com.fasterxml.jackson.core:jackson-annotations:2.4.5 -> 2.9.7
|    |    +--- org.slf4j:slf4j-api:1.6.3 -> 1.7.25
|    |    \--- io.swagger:swagger-annotations:1.5.6
|    +--- io.springfox:springfox-spi:2.4.0
|    |    \--- io.springfox:springfox-core:2.4.0
|    |         +--- com.google.guava:guava:18.0
|    |         +--- com.fasterxml:classmate:1.3.1 -> 1.3.4
|    |         +--- org.slf4j:slf4j-api:1.7.13 -> 1.7.25
|    |         +--- org.springframework.plugin:spring-plugin-core:1.2.0.RELEASE
|    |         |    +--- org.springframework:spring-beans:4.0.9.RELEASE -> 4.3.20.RELEASE (*)
|    |         |    +--- org.springframework:spring-context:4.0.9.RELEASE -> 4.3.20.RELEASE (*)
|    |         |    +--- org.springframework:spring-aop:4.0.9.RELEASE -> 4.3.20.RELEASE (*)
|    |         |    \--- org.slf4j:slf4j-api:1.7.10 -> 1.7.25
|    |         \--- org.springframework.plugin:spring-plugin-metadata:1.2.0.RELEASE
|    |              +--- org.springframework.plugin:spring-plugin-core:1.2.0.RELEASE (*)
|    |              \--- org.slf4j:slf4j-api:1.7.10 -> 1.7.25
|    +--- io.springfox:springfox-schema:2.4.0
|    |    +--- io.springfox:springfox-core:2.4.0 (*)
|    |    \--- io.springfox:springfox-spi:2.4.0 (*)
|    +--- io.springfox:springfox-swagger-common:2.4.0
|    |    +--- io.swagger:swagger-annotations:1.5.6
|    |    +--- io.swagger:swagger-models:1.5.6 (*)
|    |    +--- io.springfox:springfox-spi:2.4.0 (*)
|    |    +--- io.springfox:springfox-schema:2.4.0 (*)
|    |    +--- io.springfox:springfox-spring-web:2.4.0
|    |    |    +--- com.google.guava:guava:18.0
|    |    |    +--- com.fasterxml:classmate:1.3.1 -> 1.3.4
|    |    |    +--- org.slf4j:slf4j-api:1.7.13 -> 1.7.25
|    |    |    +--- org.springframework.plugin:spring-plugin-core:1.2.0.RELEASE (*)
|    |    |    +--- org.springframework.plugin:spring-plugin-metadata:1.2.0.RELEASE (*)
|    |    |    +--- io.springfox:springfox-spi:2.4.0 (*)
|    |    |    \--- io.springfox:springfox-schema:2.4.0 (*)
|    |    +--- com.google.guava:guava:18.0
|    |    +--- com.fasterxml:classmate:1.3.1 -> 1.3.4
|    |    +--- org.slf4j:slf4j-api:1.7.13 -> 1.7.25
|    |    +--- org.springframework.plugin:spring-plugin-core:1.2.0.RELEASE (*)
|    |    \--- org.springframework.plugin:spring-plugin-metadata:1.2.0.RELEASE (*)
|    +--- io.springfox:springfox-spring-web:2.4.0 (*)
|    +--- com.google.guava:guava:18.0
|    +--- com.fasterxml:classmate:1.3.1 -> 1.3.4
|    +--- org.slf4j:slf4j-api:1.7.13 -> 1.7.25
|    +--- org.springframework.plugin:spring-plugin-core:1.2.0.RELEASE (*)
|    \--- org.springframework.plugin:spring-plugin-metadata:1.2.0.RELEASE (*)
+--- io.springfox:springfox-swagger-ui:2.4.0
|    \--- io.springfox:springfox-spring-web:2.4.0 (*)
+--- commons-fileupload:commons-fileupload:1.3.1
|    \--- commons-io:commons-io:2.2
+--- commons-beanutils:commons-beanutils:1.9.3
|    \--- commons-collections:commons-collections:3.2.2
+--- commons-lang:commons-lang:2.6
+--- commons-codec:commons-codec:1.10
+--- org.apache.commons:commons-compress:1.18
+--- org.apache.httpcomponents:httpclient:4.5.2 -> 4.5.6
|    +--- org.apache.httpcomponents:httpcore:4.4.10
|    \--- commons-codec:commons-codec:1.10
+--- org.apache.velocity:velocity:1.7
|    +--- commons-collections:commons-collections:3.2.1 -> 3.2.2
|    \--- commons-lang:commons-lang:2.4 -> 2.6
+--- org.aspectj:aspectjweaver:1.8.8 -> 1.8.13
+--- com.alibaba:fastjson:1.2.28
+--- com.fasterxml.jackson.core:jackson-core:2.9.7
+--- com.fasterxml.jackson.core:jackson-databind:2.9.7
|    +--- com.fasterxml.jackson.core:jackson-annotations:2.9.0 -> 2.9.7
|    \--- com.fasterxml.jackson.core:jackson-core:2.9.7
+--- com.fasterxml.jackson.core:jackson-annotations:2.9.7
+--- net.sf.json-lib:json-lib:2.4
|    +--- commons-beanutils:commons-beanutils:1.8.0 -> 1.9.3 (*)
|    +--- commons-collections:commons-collections:3.2.1 -> 3.2.2
|    +--- commons-lang:commons-lang:2.5 -> 2.6
|    \--- net.sf.ezmorph:ezmorph:1.0.6
|         \--- commons-lang:commons-lang:2.3 -> 2.6
+--- javax.persistence:persistence-api:1.0.2
+--- log4j:log4j:1.2.17
+--- org.springframework.boot:spring-boot-starter-web -> 1.5.17.RELEASE
|    +--- org.springframework.boot:spring-boot-starter:1.5.17.RELEASE (*)
|    +--- org.springframework.boot:spring-boot-starter-tomcat:1.5.17.RELEASE
|    |    +--- org.apache.tomcat.embed:tomcat-embed-core:8.5.34
|    |    |    \--- org.apache.tomcat:tomcat-annotations-api:8.5.34
|    |    +--- org.apache.tomcat.embed:tomcat-embed-el:8.5.34
|    |    \--- org.apache.tomcat.embed:tomcat-embed-websocket:8.5.34
|    |         \--- org.apache.tomcat.embed:tomcat-embed-core:8.5.34 (*)
|    +--- org.hibernate:hibernate-validator:5.3.6.Final
|    |    +--- javax.validation:validation-api:1.1.0.Final
|    |    +--- org.jboss.logging:jboss-logging:3.3.0.Final -> 3.3.2.Final
|    |    \--- com.fasterxml:classmate:1.3.1 -> 1.3.4
|    +--- com.fasterxml.jackson.core:jackson-databind:2.8.11.2 -> 2.9.7 (*)
|    +--- org.springframework:spring-web:4.3.20.RELEASE (*)
|    \--- org.springframework:spring-webmvc:4.3.20.RELEASE
|         +--- org.springframework:spring-aop:4.3.20.RELEASE (*)
|         +--- org.springframework:spring-beans:4.3.20.RELEASE (*)
|         +--- org.springframework:spring-context:4.3.20.RELEASE (*)
|         +--- org.springframework:spring-core:4.3.20.RELEASE
|         +--- org.springframework:spring-expression:4.3.20.RELEASE (*)
|         \--- org.springframework:spring-web:4.3.20.RELEASE (*)
+--- org.springframework.boot:spring-boot-starter-thymeleaf -> 1.5.17.RELEASE
|    +--- org.springframework.boot:spring-boot-starter:1.5.17.RELEASE (*)
|    +--- org.springframework.boot:spring-boot-starter-web:1.5.17.RELEASE (*)
|    +--- org.thymeleaf:thymeleaf-spring4:2.1.6.RELEASE
|    |    +--- org.thymeleaf:thymeleaf:2.1.6.RELEASE
|    |    |    +--- ognl:ognl:3.0.8
|    |    |    +--- org.javassist:javassist:3.16.1-GA -> 3.21.0-GA
|    |    |    +--- org.unbescape:unbescape:1.1.0.RELEASE
|    |    |    \--- org.slf4j:slf4j-api:1.6.6 -> 1.7.25
|    |    \--- org.slf4j:slf4j-api:1.6.6 -> 1.7.25
|    \--- nz.net.ultraq.thymeleaf:thymeleaf-layout-dialect:1.4.0
|         +--- org.codehaus.groovy:groovy:2.4.3 -> 2.4.15
|         \--- org.thymeleaf:thymeleaf:2.1.4.RELEASE -> 2.1.6.RELEASE (*)
+--- org.apache.shiro:shiro-core:1.3.2
|    +--- org.slf4j:slf4j-api:1.6.4 -> 1.7.25
|    \--- commons-beanutils:commons-beanutils:1.8.3 -> 1.9.3 (*)
+--- com.baidu.unbiz:fluent-validator:1.0.6
|    +--- org.slf4j:slf4j-api:1.7.7 -> 1.7.25
|    \--- org.slf4j:slf4j-log4j12:1.7.7 -> 1.7.25
|         +--- org.slf4j:slf4j-api:1.7.25
|         \--- log4j:log4j:1.2.17
+--- org.springframework.session:spring-session-data-redis -> 1.3.3.RELEASE
|    +--- org.apache.commons:commons-pool2:2.4.2 -> 2.4.3
|    +--- org.springframework.data:spring-data-redis:1.7.10.RELEASE -> 1.8.16.RELEASE
|    |    +--- org.springframework.data:spring-data-keyvalue:1.2.16.RELEASE
|    |    |    +--- org.springframework.data:spring-data-commons:1.13.16.RELEASE
|    |    |    |    +--- org.springframework:spring-core:4.3.20.RELEASE
|    |    |    |    \--- org.springframework:spring-beans:4.3.20.RELEASE (*)
|    |    |    +--- org.springframework:spring-context:4.3.20.RELEASE (*)
|    |    |    \--- org.springframework:spring-tx:4.3.20.RELEASE
|    |    |         +--- org.springframework:spring-beans:4.3.20.RELEASE (*)
|    |    |         \--- org.springframework:spring-core:4.3.20.RELEASE
|    |    +--- org.springframework:spring-tx:4.3.20.RELEASE (*)
|    |    +--- org.springframework:spring-oxm:4.3.20.RELEASE
|    |    |    +--- org.springframework:spring-beans:4.3.20.RELEASE (*)
|    |    |    \--- org.springframework:spring-core:4.3.20.RELEASE
|    |    +--- org.springframework:spring-aop:4.3.20.RELEASE (*)
|    |    \--- org.springframework:spring-context-support:4.3.20.RELEASE
|    |         +--- org.springframework:spring-beans:4.3.20.RELEASE (*)
|    |         +--- org.springframework:spring-context:4.3.20.RELEASE (*)
|    |         \--- org.springframework:spring-core:4.3.20.RELEASE
|    +--- org.springframework.session:spring-session:1.3.3.RELEASE
|    \--- redis.clients:jedis:2.8.1 -> 2.9.0
|         \--- org.apache.commons:commons-pool2:2.4.2 -> 2.4.3
+--- org.springframework.boot:spring-boot-starter-test -> 1.5.17.RELEASE
|    +--- org.springframework.boot:spring-boot-test:1.5.17.RELEASE
|    |    \--- org.springframework.boot:spring-boot:1.5.17.RELEASE (*)
|    +--- org.springframework.boot:spring-boot-test-autoconfigure:1.5.17.RELEASE
|    |    +--- org.springframework.boot:spring-boot-test:1.5.17.RELEASE (*)
|    |    \--- org.springframework.boot:spring-boot-autoconfigure:1.5.17.RELEASE (*)
|    +--- com.jayway.jsonpath:json-path:2.2.0
|    |    +--- net.minidev:json-smart:2.2.1
|    |    |    \--- net.minidev:accessors-smart:1.1
|    |    |         \--- org.ow2.asm:asm:5.0.3
|    |    \--- org.slf4j:slf4j-api:1.7.16 -> 1.7.25
|    +--- junit:junit:4.12 (*)
|    +--- org.assertj:assertj-core:2.6.0
|    +--- org.mockito:mockito-core:1.10.19
|    +--- org.hamcrest:hamcrest-core:1.3
|    +--- org.hamcrest:hamcrest-library:1.3
|    |    \--- org.hamcrest:hamcrest-core:1.3
|    +--- org.skyscreamer:jsonassert:1.4.0
|    |    \--- com.vaadin.external.google:android-json:0.0.20131108.vaadin1
|    +--- org.springframework:spring-core:4.3.20.RELEASE
|    \--- org.springframework:spring-test:4.3.20.RELEASE
|         \--- org.springframework:spring-core:4.3.20.RELEASE
\--- org.projectlombok:lombok:1.18.12

testCompileOnly - Compile only dependencies for source set 'test'. (n)
\--- org.projectlombok:lombok:1.18.12 (n)

testImplementation - Implementation only dependencies for source set 'test'. (n)
No dependencies

testRuntimeClasspath - Runtime classpath of source set 'test'.
+--- project :zheng-upms:zheng-upms-client
|    +--- project :zheng-common
|    |    +--- org.springframework.boot:spring-boot-dependencies:1.5.17.RELEASE
|    |    |    +--- com.fasterxml.jackson.core:jackson-annotations:2.8.0 -> 2.9.7 (c)
|    |    |    +--- com.fasterxml.jackson.core:jackson-core:2.8.11 -> 2.9.7 (c)
|    |    |    +--- com.fasterxml.jackson.core:jackson-databind:2.8.11.2 -> 2.9.7 (c)
|    |    |    +--- org.springframework.boot:spring-boot-starter:1.5.17.RELEASE (c)
|    |    |    +--- org.springframework.boot:spring-boot-starter-test:1.5.17.RELEASE (c)
|    |    |    +--- org.springframework.boot:spring-boot-starter-thymeleaf:1.5.17.RELEASE (c)
|    |    |    +--- org.springframework.boot:spring-boot-starter-web:1.5.17.RELEASE (c)
|    |    |    +--- commons-beanutils:commons-beanutils:1.9.3 (c)
|    |    |    +--- commons-codec:commons-codec:1.10 (c)
|    |    |    +--- mysql:mysql-connector-java:5.1.47 (c)
|    |    |    +--- org.apache.httpcomponents:httpclient:4.5.6 (c)
|    |    |    +--- org.aspectj:aspectjweaver:1.8.13 (c)
|    |    |    +--- org.springframework.session:spring-session-data-redis:1.3.3.RELEASE (c)
|    |    |    +--- org.springframework.boot:spring-boot-starter-data-redis:1.5.17.RELEASE (c)
|    |    |    +--- org.springframework.boot:spring-boot-starter-security:1.5.17.RELEASE (c)
|    |    |    +--- org.springframework:spring-context:4.3.20.RELEASE (c)
|    |    |    +--- org.springframework:spring-beans:4.3.20.RELEASE (c)
|    |    |    +--- org.springframework:spring-web:4.3.20.RELEASE (c)
|    |    |    +--- org.javassist:javassist:3.21.0-GA (c)
|    |    |    +--- com.fasterxml:classmate:1.3.4 (c)
|    |    |    +--- org.slf4j:slf4j-api:1.7.25 (c)
|    |    |    +--- org.springframework.plugin:spring-plugin-core:1.2.0.RELEASE (c)
|    |    |    +--- org.springframework.plugin:spring-plugin-metadata:1.2.0.RELEASE (c)
|    |    |    +--- commons-collections:commons-collections:3.2.2 (c)
|    |    |    +--- org.slf4j:slf4j-log4j12:1.7.25 (c)
|    |    |    +--- org.springframework.boot:spring-boot:1.5.17.RELEASE (c)
|    |    |    +--- org.springframework.boot:spring-boot-autoconfigure:1.5.17.RELEASE (c)
|    |    |    +--- org.springframework.boot:spring-boot-starter-logging:1.5.17.RELEASE (c)
|    |    |    +--- org.springframework:spring-core:4.3.20.RELEASE (c)
|    |    |    +--- org.yaml:snakeyaml:1.17 (c)
|    |    |    +--- org.springframework.boot:spring-boot-test:1.5.17.RELEASE (c)
|    |    |    +--- org.springframework.boot:spring-boot-test-autoconfigure:1.5.17.RELEASE (c)
|    |    |    +--- com.jayway.jsonpath:json-path:2.2.0 (c)
|    |    |    +--- junit:junit:4.12 (c)
|    |    |    +--- org.assertj:assertj-core:2.6.0 (c)
|    |    |    +--- org.mockito:mockito-core:1.10.19 (c)
|    |    |    +--- org.hamcrest:hamcrest-core:1.3 (c)
|    |    |    +--- org.hamcrest:hamcrest-library:1.3 (c)
|    |    |    +--- org.skyscreamer:jsonassert:1.4.0 (c)
|    |    |    +--- org.springframework:spring-test:4.3.20.RELEASE (c)
|    |    |    +--- org.thymeleaf:thymeleaf-spring4:2.1.6.RELEASE (c)
|    |    |    +--- nz.net.ultraq.thymeleaf:thymeleaf-layout-dialect:1.4.0 (c)
|    |    |    +--- org.springframework.boot:spring-boot-starter-tomcat:1.5.17.RELEASE (c)
|    |    |    +--- org.hibernate:hibernate-validator:5.3.6.Final (c)
|    |    |    +--- org.springframework:spring-webmvc:4.3.20.RELEASE (c)
|    |    |    +--- org.apache.httpcomponents:httpcore:4.4.10 (c)
|    |    |    +--- org.apache.commons:commons-pool2:2.4.3 (c)
|    |    |    +--- org.springframework.data:spring-data-redis:1.8.16.RELEASE (c)
|    |    |    +--- org.springframework.session:spring-session:1.3.3.RELEASE (c)
|    |    |    +--- redis.clients:jedis:2.9.0 (c)
|    |    |    +--- org.springframework.boot:spring-boot-starter-jdbc:1.5.17.RELEASE (c)
|    |    |    +--- org.springframework.boot:spring-boot-starter-mail:1.5.17.RELEASE (c)
|    |    |    +--- org.springframework.boot:spring-boot-starter-activemq:1.5.17.RELEASE (c)
|    |    |    +--- org.springframework:spring-aop:4.3.20.RELEASE (c)
|    |    |    +--- org.springframework.security:spring-security-config:4.2.9.RELEASE (c)
|    |    |    +--- org.springframework.security:spring-security-web:4.2.9.RELEASE (c)
|    |    |    +--- org.springframework.data:spring-data-keyvalue:1.2.16.RELEASE (c)
|    |    |    +--- org.springframework:spring-tx:4.3.20.RELEASE (c)
|    |    |    +--- org.springframework:spring-oxm:4.3.20.RELEASE (c)
|    |    |    +--- org.springframework:spring-context-support:4.3.20.RELEASE (c)
|    |    |    +--- org.slf4j:jcl-over-slf4j:1.7.25 (c)
|    |    |    +--- org.springframework:spring-expression:4.3.20.RELEASE (c)
|    |    |    +--- org.slf4j:jul-to-slf4j:1.7.25 (c)
|    |    |    +--- org.thymeleaf:thymeleaf:2.1.6.RELEASE (c)
|    |    |    +--- org.codehaus.groovy:groovy:2.4.15 (c)
|    |    |    +--- org.apache.tomcat.embed:tomcat-embed-core:8.5.34 (c)
|    |    |    +--- org.apache.tomcat.embed:tomcat-embed-el:8.5.34 (c)
|    |    |    +--- org.apache.tomcat.embed:tomcat-embed-websocket:8.5.34 (c)
|    |    |    +--- javax.validation:validation-api:1.1.0.Final (c)
|    |    |    +--- org.jboss.logging:jboss-logging:3.3.2.Final (c)
|    |    |    +--- org.apache.tomcat:tomcat-jdbc:8.5.34 (c)
|    |    |    +--- org.springframework:spring-jdbc:4.3.20.RELEASE (c)
|    |    |    +--- com.sun.mail:javax.mail:1.5.6 (c)
|    |    |    +--- org.springframework:spring-jms:4.3.20.RELEASE (c)
|    |    |    +--- org.apache.activemq:activemq-broker:5.14.5 (c)
|    |    |    +--- org.springframework.security:spring-security-core:4.2.9.RELEASE (c)
|    |    |    +--- org.springframework.data:spring-data-commons:1.13.16.RELEASE (c)
|    |    |    +--- org.apache.tomcat:tomcat-annotations-api:8.5.34 (c)
|    |    |    +--- org.springframework:spring-messaging:4.3.20.RELEASE (c)
|    |    |    +--- org.apache.activemq:activemq-client:5.14.5 (c)
|    |    |    \--- org.apache.activemq:activemq-openwire-legacy:5.14.5 (c)
|    |    +--- org.springframework.boot:spring-boot-starter -> 1.5.17.RELEASE
|    |    |    +--- org.springframework.boot:spring-boot:1.5.17.RELEASE
|    |    |    |    +--- org.springframework:spring-core:4.3.20.RELEASE
|    |    |    |    \--- org.springframework:spring-context:4.3.20.RELEASE
|    |    |    |         +--- org.springframework:spring-aop:4.3.20.RELEASE
|    |    |    |         |    +--- org.springframework:spring-beans:4.3.20.RELEASE
|    |    |    |         |    |    \--- org.springframework:spring-core:4.3.20.RELEASE
|    |    |    |         |    \--- org.springframework:spring-core:4.3.20.RELEASE
|    |    |    |         +--- org.springframework:spring-beans:4.3.20.RELEASE (*)
|    |    |    |         +--- org.springframework:spring-core:4.3.20.RELEASE
|    |    |    |         \--- org.springframework:spring-expression:4.3.20.RELEASE
|    |    |    |              \--- org.springframework:spring-core:4.3.20.RELEASE
|    |    |    +--- org.springframework.boot:spring-boot-autoconfigure:1.5.17.RELEASE
|    |    |    |    \--- org.springframework.boot:spring-boot:1.5.17.RELEASE (*)
|    |    |    +--- org.springframework.boot:spring-boot-starter-logging:1.5.17.RELEASE
|    |    |    |    +--- org.slf4j:jcl-over-slf4j:1.7.25
|    |    |    |    |    \--- org.slf4j:slf4j-api:1.7.25
|    |    |    |    \--- org.slf4j:jul-to-slf4j:1.7.25
|    |    |    |         \--- org.slf4j:slf4j-api:1.7.25
|    |    |    +--- org.springframework:spring-core:4.3.20.RELEASE
|    |    |    \--- org.yaml:snakeyaml:1.17
|    |    +--- com.alibaba:dubbo:2.5.6
|    |    |    +--- org.springframework:spring-context:4.3.10.RELEASE -> 4.3.20.RELEASE (*)
|    |    |    +--- org.springframework:spring-beans:4.3.10.RELEASE -> 4.3.20.RELEASE (*)
|    |    |    +--- org.springframework:spring-web:4.3.10.RELEASE -> 4.3.20.RELEASE
|    |    |    |    +--- org.springframework:spring-aop:4.3.20.RELEASE (*)
|    |    |    |    +--- org.springframework:spring-beans:4.3.20.RELEASE (*)
|    |    |    |    +--- org.springframework:spring-context:4.3.20.RELEASE (*)
|    |    |    |    \--- org.springframework:spring-core:4.3.20.RELEASE
|    |    |    +--- org.javassist:javassist:3.20.0-GA -> 3.21.0-GA
|    |    |    \--- org.jboss.netty:netty:3.2.5.Final
|    |    +--- com.github.sgroschupf:zkclient:0.1
|    |    |    +--- org.apache.zookeeper:zookeeper:3.3.3
|    |    |    |    +--- log4j:log4j:1.2.15 -> 1.2.17
|    |    |    |    \--- jline:jline:0.9.94
|    |    |    |         \--- junit:junit:3.8.1 -> 4.12
|    |    |    |              \--- org.hamcrest:hamcrest-core:1.3
|    |    |    \--- log4j:log4j:1.2.14 -> 1.2.17
|    |    +--- mysql:mysql-connector-java:5.1.34 -> 5.1.47
|    |    +--- io.springfox:springfox-swagger2:2.4.0
|    |    |    +--- io.swagger:swagger-annotations:1.5.6
|    |    |    +--- io.swagger:swagger-models:1.5.6
|    |    |    |    +--- com.fasterxml.jackson.core:jackson-annotations:2.4.5 -> 2.9.7
|    |    |    |    +--- org.slf4j:slf4j-api:1.6.3 -> 1.7.25
|    |    |    |    \--- io.swagger:swagger-annotations:1.5.6
|    |    |    +--- io.springfox:springfox-spi:2.4.0
|    |    |    |    \--- io.springfox:springfox-core:2.4.0
|    |    |    |         +--- com.google.guava:guava:18.0
|    |    |    |         +--- com.fasterxml:classmate:1.3.1 -> 1.3.4
|    |    |    |         +--- org.slf4j:slf4j-api:1.7.13 -> 1.7.25
|    |    |    |         +--- org.springframework.plugin:spring-plugin-core:1.2.0.RELEASE
|    |    |    |         |    +--- org.springframework:spring-beans:4.0.9.RELEASE -> 4.3.20.RELEASE (*)
|    |    |    |         |    +--- org.springframework:spring-context:4.0.9.RELEASE -> 4.3.20.RELEASE (*)
|    |    |    |         |    +--- org.springframework:spring-aop:4.0.9.RELEASE -> 4.3.20.RELEASE (*)
|    |    |    |         |    \--- org.slf4j:slf4j-api:1.7.10 -> 1.7.25
|    |    |    |         \--- org.springframework.plugin:spring-plugin-metadata:1.2.0.RELEASE
|    |    |    |              +--- org.springframework.plugin:spring-plugin-core:1.2.0.RELEASE (*)
|    |    |    |              \--- org.slf4j:slf4j-api:1.7.10 -> 1.7.25
|    |    |    +--- io.springfox:springfox-schema:2.4.0
|    |    |    |    +--- io.springfox:springfox-core:2.4.0 (*)
|    |    |    |    \--- io.springfox:springfox-spi:2.4.0 (*)
|    |    |    +--- io.springfox:springfox-swagger-common:2.4.0
|    |    |    |    +--- io.swagger:swagger-annotations:1.5.6
|    |    |    |    +--- io.swagger:swagger-models:1.5.6 (*)
|    |    |    |    +--- io.springfox:springfox-spi:2.4.0 (*)
|    |    |    |    +--- io.springfox:springfox-schema:2.4.0 (*)
|    |    |    |    +--- io.springfox:springfox-spring-web:2.4.0
|    |    |    |    |    +--- com.google.guava:guava:18.0
|    |    |    |    |    +--- com.fasterxml:classmate:1.3.1 -> 1.3.4
|    |    |    |    |    +--- org.slf4j:slf4j-api:1.7.13 -> 1.7.25
|    |    |    |    |    +--- org.springframework.plugin:spring-plugin-core:1.2.0.RELEASE (*)
|    |    |    |    |    +--- org.springframework.plugin:spring-plugin-metadata:1.2.0.RELEASE (*)
|    |    |    |    |    +--- io.springfox:springfox-spi:2.4.0 (*)
|    |    |    |    |    \--- io.springfox:springfox-schema:2.4.0 (*)
|    |    |    |    +--- com.google.guava:guava:18.0
|    |    |    |    +--- com.fasterxml:classmate:1.3.1 -> 1.3.4
|    |    |    |    +--- org.slf4j:slf4j-api:1.7.13 -> 1.7.25
|    |    |    |    +--- org.springframework.plugin:spring-plugin-core:1.2.0.RELEASE (*)
|    |    |    |    \--- org.springframework.plugin:spring-plugin-metadata:1.2.0.RELEASE (*)
|    |    |    +--- io.springfox:springfox-spring-web:2.4.0 (*)
|    |    |    +--- com.google.guava:guava:18.0
|    |    |    +--- com.fasterxml:classmate:1.3.1 -> 1.3.4
|    |    |    +--- org.slf4j:slf4j-api:1.7.13 -> 1.7.25
|    |    |    +--- org.springframework.plugin:spring-plugin-core:1.2.0.RELEASE (*)
|    |    |    \--- org.springframework.plugin:spring-plugin-metadata:1.2.0.RELEASE (*)
|    |    +--- io.springfox:springfox-swagger-ui:2.4.0
|    |    |    \--- io.springfox:springfox-spring-web:2.4.0 (*)
|    |    +--- commons-fileupload:commons-fileupload:1.3.1
|    |    |    \--- commons-io:commons-io:2.2
|    |    +--- commons-beanutils:commons-beanutils:1.9.3
|    |    |    \--- commons-collections:commons-collections:3.2.2
|    |    +--- commons-lang:commons-lang:2.6
|    |    +--- commons-codec:commons-codec:1.10
|    |    +--- org.apache.commons:commons-compress:1.18
|    |    +--- org.apache.httpcomponents:httpclient:4.5.2 -> 4.5.6
|    |    |    +--- org.apache.httpcomponents:httpcore:4.4.10
|    |    |    \--- commons-codec:commons-codec:1.10
|    |    +--- org.apache.velocity:velocity:1.7
|    |    |    +--- commons-collections:commons-collections:3.2.1 -> 3.2.2
|    |    |    \--- commons-lang:commons-lang:2.4 -> 2.6
|    |    +--- org.aspectj:aspectjweaver:1.8.8 -> 1.8.13
|    |    +--- com.alibaba:fastjson:1.2.28
|    |    +--- com.fasterxml.jackson.core:jackson-core:2.9.7
|    |    +--- com.fasterxml.jackson.core:jackson-databind:2.9.7
|    |    |    +--- com.fasterxml.jackson.core:jackson-annotations:2.9.0 -> 2.9.7
|    |    |    \--- com.fasterxml.jackson.core:jackson-core:2.9.7
|    |    +--- com.fasterxml.jackson.core:jackson-annotations:2.9.7
|    |    +--- net.sf.json-lib:json-lib:2.4
|    |    |    +--- commons-beanutils:commons-beanutils:1.8.0 -> 1.9.3 (*)
|    |    |    +--- commons-collections:commons-collections:3.2.1 -> 3.2.2
|    |    |    +--- commons-lang:commons-lang:2.5 -> 2.6
|    |    |    \--- net.sf.ezmorph:ezmorph:1.0.6
|    |    |         \--- commons-lang:commons-lang:2.3 -> 2.6
|    |    +--- javax.persistence:persistence-api:1.0.2
|    |    +--- log4j:log4j:1.2.17
|    |    +--- org.springframework.boot:spring-boot-starter-web -> 1.5.17.RELEASE
|    |    |    +--- org.springframework.boot:spring-boot-starter:1.5.17.RELEASE (*)
|    |    |    +--- org.springframework.boot:spring-boot-starter-tomcat:1.5.17.RELEASE
|    |    |    |    +--- org.apache.tomcat.embed:tomcat-embed-core:8.5.34
|    |    |    |    |    \--- org.apache.tomcat:tomcat-annotations-api:8.5.34
|    |    |    |    +--- org.apache.tomcat.embed:tomcat-embed-el:8.5.34
|    |    |    |    \--- org.apache.tomcat.embed:tomcat-embed-websocket:8.5.34
|    |    |    |         \--- org.apache.tomcat.embed:tomcat-embed-core:8.5.34 (*)
|    |    |    +--- org.hibernate:hibernate-validator:5.3.6.Final
|    |    |    |    +--- javax.validation:validation-api:1.1.0.Final
|    |    |    |    +--- org.jboss.logging:jboss-logging:3.3.0.Final -> 3.3.2.Final
|    |    |    |    \--- com.fasterxml:classmate:1.3.1 -> 1.3.4
|    |    |    +--- com.fasterxml.jackson.core:jackson-databind:2.8.11.2 -> 2.9.7 (*)
|    |    |    +--- org.springframework:spring-web:4.3.20.RELEASE (*)
|    |    |    \--- org.springframework:spring-webmvc:4.3.20.RELEASE
|    |    |         +--- org.springframework:spring-aop:4.3.20.RELEASE (*)
|    |    |         +--- org.springframework:spring-beans:4.3.20.RELEASE (*)
|    |    |         +--- org.springframework:spring-context:4.3.20.RELEASE (*)
|    |    |         +--- org.springframework:spring-core:4.3.20.RELEASE
|    |    |         +--- org.springframework:spring-expression:4.3.20.RELEASE (*)
|    |    |         \--- org.springframework:spring-web:4.3.20.RELEASE (*)
|    |    +--- org.springframework.boot:spring-boot-starter-jdbc -> 1.5.17.RELEASE
|    |    |    +--- org.springframework.boot:spring-boot-starter:1.5.17.RELEASE (*)
|    |    |    +--- org.apache.tomcat:tomcat-jdbc:8.5.34
|    |    |    |    \--- org.apache.tomcat:tomcat-juli:8.5.34
|    |    |    \--- org.springframework:spring-jdbc:4.3.20.RELEASE
|    |    |         +--- org.springframework:spring-beans:4.3.20.RELEASE (*)
|    |    |         +--- org.springframework:spring-core:4.3.20.RELEASE
|    |    |         \--- org.springframework:spring-tx:4.3.20.RELEASE
|    |    |              +--- org.springframework:spring-beans:4.3.20.RELEASE (*)
|    |    |              \--- org.springframework:spring-core:4.3.20.RELEASE
|    |    +--- org.springframework.boot:spring-boot-starter-mail -> 1.5.17.RELEASE
|    |    |    +--- org.springframework.boot:spring-boot-starter:1.5.17.RELEASE (*)
|    |    |    +--- org.springframework:spring-context:4.3.20.RELEASE (*)
|    |    |    +--- org.springframework:spring-context-support:4.3.20.RELEASE
|    |    |    |    +--- org.springframework:spring-beans:4.3.20.RELEASE (*)
|    |    |    |    +--- org.springframework:spring-context:4.3.20.RELEASE (*)
|    |    |    |    \--- org.springframework:spring-core:4.3.20.RELEASE
|    |    |    \--- com.sun.mail:javax.mail:1.5.6
|    |    |         \--- javax.activation:activation:1.1
|    |    +--- org.springframework.boot:spring-boot-starter-activemq -> 1.5.17.RELEASE
|    |    |    +--- org.springframework.boot:spring-boot-starter:1.5.17.RELEASE (*)
|    |    |    +--- org.springframework:spring-jms:4.3.20.RELEASE
|    |    |    |    +--- org.springframework:spring-aop:4.3.20.RELEASE (*)
|    |    |    |    +--- org.springframework:spring-beans:4.3.20.RELEASE (*)
|    |    |    |    +--- org.springframework:spring-context:4.3.20.RELEASE (*)
|    |    |    |    +--- org.springframework:spring-core:4.3.20.RELEASE
|    |    |    |    +--- org.springframework:spring-messaging:4.3.20.RELEASE
|    |    |    |    |    +--- org.springframework:spring-beans:4.3.20.RELEASE (*)
|    |    |    |    |    +--- org.springframework:spring-context:4.3.20.RELEASE (*)
|    |    |    |    |    \--- org.springframework:spring-core:4.3.20.RELEASE
|    |    |    |    \--- org.springframework:spring-tx:4.3.20.RELEASE (*)
|    |    |    \--- org.apache.activemq:activemq-broker:5.14.5
|    |    |         +--- org.apache.activemq:activemq-client:5.14.5
|    |    |         |    +--- org.slf4j:slf4j-api:1.7.13 -> 1.7.25
|    |    |         |    +--- org.apache.geronimo.specs:geronimo-jms_1.1_spec:1.1.1
|    |    |         |    +--- org.fusesource.hawtbuf:hawtbuf:1.11
|    |    |         |    \--- org.apache.geronimo.specs:geronimo-j2ee-management_1.1_spec:1.0.1
|    |    |         \--- org.apache.activemq:activemq-openwire-legacy:5.14.5
|    |    |              \--- org.apache.activemq:activemq-client:5.14.5 (*)
|    |    +--- org.springframework.boot:spring-boot-starter-data-redis -> 1.5.17.RELEASE
|    |    |    +--- org.springframework.boot:spring-boot-starter:1.5.17.RELEASE (*)
|    |    |    +--- org.springframework.data:spring-data-redis:1.8.16.RELEASE
|    |    |    |    +--- org.springframework.data:spring-data-keyvalue:1.2.16.RELEASE
|    |    |    |    |    +--- org.springframework.data:spring-data-commons:1.13.16.RELEASE
|    |    |    |    |    |    +--- org.springframework:spring-core:4.3.20.RELEASE
|    |    |    |    |    |    +--- org.springframework:spring-beans:4.3.20.RELEASE (*)
|    |    |    |    |    |    +--- org.slf4j:slf4j-api:1.7.25
|    |    |    |    |    |    \--- org.slf4j:jcl-over-slf4j:1.7.25 (*)
|    |    |    |    |    +--- org.springframework:spring-context:4.3.20.RELEASE (*)
|    |    |    |    |    +--- org.springframework:spring-tx:4.3.20.RELEASE (*)
|    |    |    |    |    +--- org.slf4j:slf4j-api:1.7.25
|    |    |    |    |    \--- org.slf4j:jcl-over-slf4j:1.7.25 (*)
|    |    |    |    +--- org.springframework:spring-tx:4.3.20.RELEASE (*)
|    |    |    |    +--- org.springframework:spring-oxm:4.3.20.RELEASE
|    |    |    |    |    +--- org.springframework:spring-beans:4.3.20.RELEASE (*)
|    |    |    |    |    \--- org.springframework:spring-core:4.3.20.RELEASE
|    |    |    |    +--- org.springframework:spring-aop:4.3.20.RELEASE (*)
|    |    |    |    +--- org.springframework:spring-context-support:4.3.20.RELEASE (*)
|    |    |    |    +--- org.slf4j:slf4j-api:1.7.25
|    |    |    |    \--- org.slf4j:jcl-over-slf4j:1.7.25 (*)
|    |    |    \--- redis.clients:jedis:2.9.0
|    |    |         \--- org.apache.commons:commons-pool2:2.4.2 -> 2.4.3
|    |    +--- com.baidu.unbiz:fluent-validator:1.0.6
|    |    |    +--- org.slf4j:slf4j-api:1.7.7 -> 1.7.25
|    |    |    \--- org.slf4j:slf4j-log4j12:1.7.7 -> 1.7.25
|    |    |         +--- org.slf4j:slf4j-api:1.7.25
|    |    |         \--- log4j:log4j:1.2.17
|    |    +--- org.apache.shiro:shiro-spring:1.3.2
|    |    |    +--- org.apache.shiro:shiro-core:1.3.2
|    |    |    |    +--- org.slf4j:slf4j-api:1.6.4 -> 1.7.25
|    |    |    |    \--- commons-beanutils:commons-beanutils:1.8.3 -> 1.9.3 (*)
|    |    |    \--- org.apache.shiro:shiro-web:1.3.2
|    |    |         \--- org.apache.shiro:shiro-core:1.3.2 (*)
|    |    +--- com.alibaba:druid:1.0.14
|    |    +--- org.mybatis.spring.boot:mybatis-spring-boot-starter:1.3.1
|    |    |    +--- org.springframework.boot:spring-boot-starter:1.5.6.RELEASE -> 1.5.17.RELEASE (*)
|    |    |    +--- org.springframework.boot:spring-boot-starter-jdbc:1.5.6.RELEASE -> 1.5.17.RELEASE (*)
|    |    |    +--- org.mybatis.spring.boot:mybatis-spring-boot-autoconfigure:1.3.1
|    |    |    |    \--- org.springframework.boot:spring-boot-autoconfigure:1.5.6.RELEASE -> 1.5.17.RELEASE (*)
|    |    |    +--- org.mybatis:mybatis:3.4.5
|    |    |    \--- org.mybatis:mybatis-spring:1.3.1
|    |    +--- org.mybatis:mybatis-ehcache:1.0.0
|    |    |    \--- net.sf.ehcache:ehcache-core:2.0.0
|    |    |         \--- org.slf4j:slf4j-api:1.5.8 -> 1.7.25
|    |    +--- org.mybatis.generator:mybatis-generator-core:1.3.5
|    |    \--- com.github.pagehelper:pagehelper:5.0.1
|    |         \--- com.github.jsqlparser:jsqlparser:0.9.5
|    +--- project :zheng-upms:zheng-upms-rpc-api
|    |    +--- project :zheng-upms:zheng-upms-dao
|    |    |    +--- project :zheng-upms:zheng-upms-common
|    |    |    |    +--- project :zheng-common (*)
|    |    |    |    +--- org.springframework.boot:spring-boot-dependencies:1.5.17.RELEASE (*)
|    |    |    |    +--- org.springframework.boot:spring-boot-starter -> 1.5.17.RELEASE (*)
|    |    |    |    +--- com.alibaba:dubbo:2.5.6 (*)
|    |    |    |    +--- com.github.sgroschupf:zkclient:0.1 (*)
|    |    |    |    +--- mysql:mysql-connector-java:5.1.34 -> 5.1.47
|    |    |    |    +--- io.springfox:springfox-swagger2:2.4.0 (*)
|    |    |    |    +--- io.springfox:springfox-swagger-ui:2.4.0 (*)
|    |    |    |    +--- commons-fileupload:commons-fileupload:1.3.1 (*)
|    |    |    |    +--- commons-beanutils:commons-beanutils:1.9.3 (*)
|    |    |    |    +--- commons-lang:commons-lang:2.6
|    |    |    |    +--- commons-codec:commons-codec:1.10
|    |    |    |    +--- org.apache.commons:commons-compress:1.18
|    |    |    |    +--- org.apache.httpcomponents:httpclient:4.5.2 -> 4.5.6 (*)
|    |    |    |    +--- org.apache.velocity:velocity:1.7 (*)
|    |    |    |    +--- org.aspectj:aspectjweaver:1.8.8 -> 1.8.13
|    |    |    |    +--- com.alibaba:fastjson:1.2.28
|    |    |    |    +--- com.fasterxml.jackson.core:jackson-core:2.9.7
|    |    |    |    +--- com.fasterxml.jackson.core:jackson-databind:2.9.7 (*)
|    |    |    |    +--- com.fasterxml.jackson.core:jackson-annotations:2.9.7
|    |    |    |    +--- net.sf.json-lib:json-lib:2.4 (*)
|    |    |    |    +--- javax.persistence:persistence-api:1.0.2
|    |    |    |    \--- log4j:log4j:1.2.17
|    |    |    +--- org.springframework.boot:spring-boot-dependencies:1.5.17.RELEASE (*)
|    |    |    +--- org.springframework.boot:spring-boot-starter -> 1.5.17.RELEASE (*)
|    |    |    +--- com.alibaba:dubbo:2.5.6 (*)
|    |    |    +--- com.github.sgroschupf:zkclient:0.1 (*)
|    |    |    +--- mysql:mysql-connector-java:5.1.34 -> 5.1.47
|    |    |    +--- io.springfox:springfox-swagger2:2.4.0 (*)
|    |    |    +--- io.springfox:springfox-swagger-ui:2.4.0 (*)
|    |    |    +--- commons-fileupload:commons-fileupload:1.3.1 (*)
|    |    |    +--- commons-beanutils:commons-beanutils:1.9.3 (*)
|    |    |    +--- commons-lang:commons-lang:2.6
|    |    |    +--- commons-codec:commons-codec:1.10
|    |    |    +--- org.apache.commons:commons-compress:1.18
|    |    |    +--- org.apache.httpcomponents:httpclient:4.5.2 -> 4.5.6 (*)
|    |    |    +--- org.apache.velocity:velocity:1.7 (*)
|    |    |    +--- org.aspectj:aspectjweaver:1.8.8 -> 1.8.13
|    |    |    +--- com.alibaba:fastjson:1.2.28
|    |    |    +--- com.fasterxml.jackson.core:jackson-core:2.9.7
|    |    |    +--- com.fasterxml.jackson.core:jackson-databind:2.9.7 (*)
|    |    |    +--- com.fasterxml.jackson.core:jackson-annotations:2.9.7
|    |    |    +--- net.sf.json-lib:json-lib:2.4 (*)
|    |    |    +--- javax.persistence:persistence-api:1.0.2
|    |    |    +--- log4j:log4j:1.2.17
|    |    |    \--- org.mybatis.spring.boot:mybatis-spring-boot-starter:1.3.1 (*)
|    |    +--- org.springframework.boot:spring-boot-dependencies:1.5.17.RELEASE (*)
|    |    +--- org.springframework.boot:spring-boot-starter -> 1.5.17.RELEASE (*)
|    |    +--- com.alibaba:dubbo:2.5.6 (*)
|    |    +--- com.github.sgroschupf:zkclient:0.1 (*)
|    |    +--- mysql:mysql-connector-java:5.1.34 -> 5.1.47
|    |    +--- io.springfox:springfox-swagger2:2.4.0 (*)
|    |    +--- io.springfox:springfox-swagger-ui:2.4.0 (*)
|    |    +--- commons-fileupload:commons-fileupload:1.3.1 (*)
|    |    +--- commons-beanutils:commons-beanutils:1.9.3 (*)
|    |    +--- commons-lang:commons-lang:2.6
|    |    +--- commons-codec:commons-codec:1.10
|    |    +--- org.apache.commons:commons-compress:1.18
|    |    +--- org.apache.httpcomponents:httpclient:4.5.2 -> 4.5.6 (*)
|    |    +--- org.apache.velocity:velocity:1.7 (*)
|    |    +--- org.aspectj:aspectjweaver:1.8.8 -> 1.8.13
|    |    +--- com.alibaba:fastjson:1.2.28
|    |    +--- com.fasterxml.jackson.core:jackson-core:2.9.7
|    |    +--- com.fasterxml.jackson.core:jackson-databind:2.9.7 (*)
|    |    +--- com.fasterxml.jackson.core:jackson-annotations:2.9.7
|    |    +--- net.sf.json-lib:json-lib:2.4 (*)
|    |    +--- javax.persistence:persistence-api:1.0.2
|    |    \--- log4j:log4j:1.2.17
|    +--- org.springframework.boot:spring-boot-dependencies:1.5.17.RELEASE (*)
|    +--- org.springframework.boot:spring-boot-starter -> 1.5.17.RELEASE (*)
|    +--- com.alibaba:dubbo:2.5.6 (*)
|    +--- com.github.sgroschupf:zkclient:0.1 (*)
|    +--- mysql:mysql-connector-java:5.1.34 -> 5.1.47
|    +--- io.springfox:springfox-swagger2:2.4.0 (*)
|    +--- io.springfox:springfox-swagger-ui:2.4.0 (*)
|    +--- commons-fileupload:commons-fileupload:1.3.1 (*)
|    +--- commons-beanutils:commons-beanutils:1.9.3 (*)
|    +--- commons-lang:commons-lang:2.6
|    +--- commons-codec:commons-codec:1.10
|    +--- org.apache.commons:commons-compress:1.18
|    +--- org.apache.httpcomponents:httpclient:4.5.2 -> 4.5.6 (*)
|    +--- org.apache.velocity:velocity:1.7 (*)
|    +--- org.aspectj:aspectjweaver:1.8.8 -> 1.8.13
|    +--- com.alibaba:fastjson:1.2.28
|    +--- com.fasterxml.jackson.core:jackson-core:2.9.7
|    +--- com.fasterxml.jackson.core:jackson-databind:2.9.7 (*)
|    +--- com.fasterxml.jackson.core:jackson-annotations:2.9.7
|    +--- net.sf.json-lib:json-lib:2.4 (*)
|    +--- javax.persistence:persistence-api:1.0.2
|    +--- log4j:log4j:1.2.17
|    +--- org.springframework.boot:spring-boot-starter-web -> 1.5.17.RELEASE (*)
|    +--- org.springframework.boot:spring-boot-starter-data-redis -> 1.5.17.RELEASE (*)
|    +--- org.apache.shiro:shiro-spring:1.3.2 (*)
|    \--- org.springframework.boot:spring-boot-starter-security -> 1.5.17.RELEASE
|         +--- org.springframework.boot:spring-boot-starter:1.5.17.RELEASE (*)
|         +--- org.springframework:spring-aop:4.3.20.RELEASE (*)
|         +--- org.springframework.security:spring-security-config:4.2.9.RELEASE
|         |    +--- org.springframework.security:spring-security-core:4.2.9.RELEASE
|         |    |    +--- org.springframework:spring-aop:4.3.19.RELEASE -> 4.3.20.RELEASE (*)
|         |    |    +--- org.springframework:spring-beans:4.3.19.RELEASE -> 4.3.20.RELEASE (*)
|         |    |    +--- org.springframework:spring-context:4.3.19.RELEASE -> 4.3.20.RELEASE (*)
|         |    |    +--- org.springframework:spring-core:4.3.19.RELEASE -> 4.3.20.RELEASE
|         |    |    \--- org.springframework:spring-expression:4.3.19.RELEASE -> 4.3.20.RELEASE (*)
|         |    +--- org.springframework:spring-aop:4.3.19.RELEASE -> 4.3.20.RELEASE (*)
|         |    +--- org.springframework:spring-beans:4.3.19.RELEASE -> 4.3.20.RELEASE (*)
|         |    +--- org.springframework:spring-context:4.3.19.RELEASE -> 4.3.20.RELEASE (*)
|         |    \--- org.springframework:spring-core:4.3.19.RELEASE -> 4.3.20.RELEASE
|         \--- org.springframework.security:spring-security-web:4.2.9.RELEASE
|              +--- org.springframework.security:spring-security-core:4.2.9.RELEASE (*)
|              +--- org.springframework:spring-beans:4.3.19.RELEASE -> 4.3.20.RELEASE (*)
|              +--- org.springframework:spring-context:4.3.19.RELEASE -> 4.3.20.RELEASE (*)
|              +--- org.springframework:spring-core:4.3.19.RELEASE -> 4.3.20.RELEASE
|              +--- org.springframework:spring-expression:4.3.19.RELEASE -> 4.3.20.RELEASE (*)
|              \--- org.springframework:spring-web:4.3.19.RELEASE -> 4.3.20.RELEASE (*)
+--- project :zheng-upms:zheng-upms-rpc-api (*)
+--- org.springframework.boot:spring-boot-dependencies:1.5.17.RELEASE (*)
+--- org.springframework.boot:spring-boot-starter -> 1.5.17.RELEASE (*)
+--- com.alibaba:dubbo:2.5.6 (*)
+--- com.github.sgroschupf:zkclient:0.1 (*)
+--- mysql:mysql-connector-java:5.1.34 -> 5.1.47
+--- io.springfox:springfox-swagger2:2.4.0 (*)
+--- io.springfox:springfox-swagger-ui:2.4.0 (*)
+--- commons-fileupload:commons-fileupload:1.3.1 (*)
+--- commons-beanutils:commons-beanutils:1.9.3 (*)
+--- commons-lang:commons-lang:2.6
+--- commons-codec:commons-codec:1.10
+--- org.apache.commons:commons-compress:1.18
+--- org.apache.httpcomponents:httpclient:4.5.2 -> 4.5.6 (*)
+--- org.apache.velocity:velocity:1.7 (*)
+--- org.aspectj:aspectjweaver:1.8.8 -> 1.8.13
+--- com.alibaba:fastjson:1.2.28
+--- com.fasterxml.jackson.core:jackson-core:2.9.7
+--- com.fasterxml.jackson.core:jackson-databind:2.9.7 (*)
+--- com.fasterxml.jackson.core:jackson-annotations:2.9.7
+--- net.sf.json-lib:json-lib:2.4 (*)
+--- javax.persistence:persistence-api:1.0.2
+--- log4j:log4j:1.2.17
+--- org.springframework.boot:spring-boot-starter-web -> 1.5.17.RELEASE (*)
+--- org.springframework.boot:spring-boot-starter-thymeleaf -> 1.5.17.RELEASE
|    +--- org.springframework.boot:spring-boot-starter:1.5.17.RELEASE (*)
|    +--- org.springframework.boot:spring-boot-starter-web:1.5.17.RELEASE (*)
|    +--- org.thymeleaf:thymeleaf-spring4:2.1.6.RELEASE
|    |    +--- org.thymeleaf:thymeleaf:2.1.6.RELEASE
|    |    |    +--- ognl:ognl:3.0.8
|    |    |    +--- org.javassist:javassist:3.16.1-GA -> 3.21.0-GA
|    |    |    +--- org.unbescape:unbescape:1.1.0.RELEASE
|    |    |    \--- org.slf4j:slf4j-api:1.6.6 -> 1.7.25
|    |    \--- org.slf4j:slf4j-api:1.6.6 -> 1.7.25
|    \--- nz.net.ultraq.thymeleaf:thymeleaf-layout-dialect:1.4.0
|         +--- org.codehaus.groovy:groovy:2.4.3 -> 2.4.15
|         \--- org.thymeleaf:thymeleaf:2.1.4.RELEASE -> 2.1.6.RELEASE (*)
+--- org.apache.shiro:shiro-core:1.3.2 (*)
+--- com.baidu.unbiz:fluent-validator:1.0.6 (*)
+--- org.springframework.session:spring-session-data-redis -> 1.3.3.RELEASE
|    +--- org.apache.commons:commons-pool2:2.4.2 -> 2.4.3
|    +--- org.springframework.data:spring-data-redis:1.7.10.RELEASE -> 1.8.16.RELEASE (*)
|    +--- org.springframework.session:spring-session:1.3.3.RELEASE
|    \--- redis.clients:jedis:2.8.1 -> 2.9.0 (*)
\--- org.springframework.boot:spring-boot-starter-test -> 1.5.17.RELEASE
     +--- org.springframework.boot:spring-boot-test:1.5.17.RELEASE
     |    \--- org.springframework.boot:spring-boot:1.5.17.RELEASE (*)
     +--- org.springframework.boot:spring-boot-test-autoconfigure:1.5.17.RELEASE
     |    +--- org.springframework.boot:spring-boot-test:1.5.17.RELEASE (*)
     |    \--- org.springframework.boot:spring-boot-autoconfigure:1.5.17.RELEASE (*)
     +--- com.jayway.jsonpath:json-path:2.2.0
     |    +--- net.minidev:json-smart:2.2.1
     |    |    \--- net.minidev:accessors-smart:1.1
     |    |         \--- org.ow2.asm:asm:5.0.3
     |    \--- org.slf4j:slf4j-api:1.7.16 -> 1.7.25
     +--- junit:junit:4.12 (*)
     +--- org.assertj:assertj-core:2.6.0
     +--- org.mockito:mockito-core:1.10.19
     |    +--- org.hamcrest:hamcrest-core:1.1 -> 1.3
     |    \--- org.objenesis:objenesis:2.1
     +--- org.hamcrest:hamcrest-core:1.3
     +--- org.hamcrest:hamcrest-library:1.3
     |    \--- org.hamcrest:hamcrest-core:1.3
     +--- org.skyscreamer:jsonassert:1.4.0
     |    \--- com.vaadin.external.google:android-json:0.0.20131108.vaadin1
     +--- org.springframework:spring-core:4.3.20.RELEASE
     \--- org.springframework:spring-test:4.3.20.RELEASE
          \--- org.springframework:spring-core:4.3.20.RELEASE

testRuntimeOnly - Runtime only dependencies for source set 'test'. (n)
No dependencies

(c) - dependency constraint
(*) - dependencies omitted (listed previously)

(n) - Not resolved (configuration is not meant to be resolved)

A web-based, searchable dependency report is available by adding the --scan option.

Deprecated Gradle features were used in this build, making it incompatible with Gradle 7.0.
Use '--warning-mode all' to show the individual deprecation warnings.
See https://docs.gradle.org/6.3/userguide/command_line_interface.html#sec:command_line_warnings

BUILD SUCCESSFUL in 40s
1 actionable task: 1 executed
